[0.228s] Invoking command in '/home/haru/test2/ros2_ws/build/person_msgs': CMAKE_PREFIX_PATH=${CMAKE_PREFIX_PATH}:/home/haru/test2/ros2_ws/install/mypkg:/opt/ros/foxy /usr/bin/cmake --build /home/haru/test2/ros2_ws/build/person_msgs -- -j8 -l8
[0.354s] -- Found ament_cmake: 0.9.12 (/opt/ros/foxy/share/ament_cmake/cmake)
[0.386s] -- Found PythonInterp: /usr/bin/python3 (found suitable version "3.8.10", minimum required is "3") 
[0.387s] -- Using PYTHON_EXECUTABLE: /usr/bin/python3
[0.588s] -- Found rosidl_default_generators: 1.0.1 (/opt/ros/foxy/share/rosidl_default_generators/cmake)
[0.595s] -- Using all available rosidl_typesupport_c: rosidl_typesupport_fastrtps_c;rosidl_typesupport_introspection_c
[0.601s] -- Found rosidl_adapter: 1.3.1 (/opt/ros/foxy/share/rosidl_adapter/cmake)
[7.331s] -- Using all available rosidl_typesupport_cpp: rosidl_typesupport_fastrtps_cpp;rosidl_typesupport_introspection_cpp
[7.386s] -- Found PythonInterp: /usr/bin/python3 (found version "3.8.10") 
[7.514s] -- Found ament_cmake_ros: 0.9.2 (/opt/ros/foxy/share/ament_cmake_ros/cmake)
[14.243s] -- Using all available rosidl_typesupport_c: rosidl_typesupport_fastrtps_c;rosidl_typesupport_introspection_c
[14.257s] -- Using all available rosidl_typesupport_cpp: rosidl_typesupport_fastrtps_cpp;rosidl_typesupport_introspection_cpp
[14.279s] -- Found PythonInterp: /usr/bin/python3 (found suitable version "3.8.10", minimum required is "3.5") 
[14.281s] -- Found python_cmake_module: 0.8.1 (/opt/ros/foxy/share/python_cmake_module/cmake)
[14.309s] -- Using PYTHON_EXECUTABLE: /usr/bin/python3
[14.310s] -- Using PYTHON_INCLUDE_DIRS: /usr/include/python3.8
[14.310s] -- Using PYTHON_LIBRARIES: /usr/lib/x86_64-linux-gnu/libpython3.8.so
[14.325s] -- Found ament_lint_auto: 0.9.8 (/opt/ros/foxy/share/ament_lint_auto/cmake)
[14.363s] -- Added test 'copyright' to check source files copyright and LICENSE
[14.368s] -- Added test 'lint_cmake' to check CMake code style
[14.370s] -- Added test 'xmllint' to check XML markup files
[14.378s] -- Configuring done
[14.458s] -- Generating done
[14.461s] -- Build files have been written to: /home/haru/test2/ros2_ws/build/person_msgs
[14.497s] [35m[1mScanning dependencies of target person_msgs__cpp[0m
[14.497s] [  2%] [34m[1mGenerating C code for ROS interfaces[0m
[14.509s] [  5%] [34m[1mGenerating C++ code for ROS interfaces[0m
[14.849s] [  5%] Built target person_msgs__cpp
[14.865s] [  7%] [34m[1mGenerating C++ type support dispatch for ROS interfaces[0m
[14.868s] [ 10%] [34m[1mGenerating C++ type support for eProsima Fast-RTPS[0m
[14.868s] [ 12%] [34m[1mGenerating C++ introspection for ROS interfaces[0m
[14.874s] [35m[1mScanning dependencies of target person_msgs__rosidl_generator_c[0m
[14.888s] [ 17%] [32mBuilding C object CMakeFiles/person_msgs__rosidl_generator_c.dir/rosidl_generator_c/person_msgs/msg/detail/person__functions.c.o[0m
[14.888s] [ 17%] [32mBuilding C object CMakeFiles/person_msgs__rosidl_generator_c.dir/rosidl_generator_c/person_msgs/srv/detail/query__functions.c.o[0m
[15.070s] [ 20%] [32m[1mLinking C shared library libperson_msgs__rosidl_generator_c.so[0m
[15.149s] [35m[1mScanning dependencies of target person_msgs__rosidl_typesupport_cpp[0m
[15.165s] [ 23%] [32mBuilding CXX object CMakeFiles/person_msgs__rosidl_typesupport_cpp.dir/rosidl_typesupport_cpp/person_msgs/srv/query__type_support.cpp.o[0m
[15.166s] [ 25%] [32mBuilding CXX object CMakeFiles/person_msgs__rosidl_typesupport_cpp.dir/rosidl_typesupport_cpp/person_msgs/msg/person__type_support.cpp.o[0m
[15.170s] [35m[1mScanning dependencies of target person_msgs__rosidl_typesupport_introspection_cpp[0m
[15.174s] [ 25%] Built target person_msgs__rosidl_generator_c
[15.185s] [ 28%] [32mBuilding CXX object CMakeFiles/person_msgs__rosidl_typesupport_introspection_cpp.dir/rosidl_typesupport_introspection_cpp/person_msgs/msg/detail/person__type_support.cpp.o[0m
[15.186s] [ 30%] [32mBuilding CXX object CMakeFiles/person_msgs__rosidl_typesupport_introspection_cpp.dir/rosidl_typesupport_introspection_cpp/person_msgs/srv/detail/query__type_support.cpp.o[0m
[15.187s] [ 33%] [34m[1mGenerating C introspection for ROS interfaces[0m
[15.188s] [ 35%] [34m[1mGenerating C type support dispatch for ROS interfaces[0m
[15.219s] [35m[1mScanning dependencies of target person_msgs__rosidl_typesupport_fastrtps_cpp[0m
[15.249s] [ 38%] [32mBuilding CXX object CMakeFiles/person_msgs__rosidl_typesupport_fastrtps_cpp.dir/rosidl_typesupport_fastrtps_cpp/person_msgs/srv/detail/dds_fastrtps/query__type_support.cpp.o[0m
[15.249s] [ 41%] [32mBuilding CXX object CMakeFiles/person_msgs__rosidl_typesupport_fastrtps_cpp.dir/rosidl_typesupport_fastrtps_cpp/person_msgs/msg/detail/dds_fastrtps/person__type_support.cpp.o[0m
[15.524s] [35m[1mScanning dependencies of target person_msgs__rosidl_typesupport_c[0m
[15.555s] [ 43%] [32mBuilding CXX object CMakeFiles/person_msgs__rosidl_typesupport_c.dir/rosidl_typesupport_c/person_msgs/msg/person__type_support.cpp.o[0m
[15.626s] [35m[1mScanning dependencies of target person_msgs__rosidl_typesupport_introspection_c[0m
[15.633s] [ 46%] [32mBuilding CXX object CMakeFiles/person_msgs__rosidl_typesupport_c.dir/rosidl_typesupport_c/person_msgs/srv/query__type_support.cpp.o[0m
[15.654s] [ 48%] [32mBuilding C object CMakeFiles/person_msgs__rosidl_typesupport_introspection_c.dir/rosidl_typesupport_introspection_c/person_msgs/msg/detail/person__type_support.c.o[0m
[15.678s] [ 51%] [32m[1mLinking CXX shared library libperson_msgs__rosidl_typesupport_c.so[0m
[15.724s] [ 53%] [32mBuilding C object CMakeFiles/person_msgs__rosidl_typesupport_introspection_c.dir/rosidl_typesupport_introspection_c/person_msgs/srv/detail/query__type_support.c.o[0m
[15.774s] [ 56%] [32m[1mLinking C shared library libperson_msgs__rosidl_typesupport_introspection_c.so[0m
[15.787s] [ 58%] [32m[1mLinking CXX shared library libperson_msgs__rosidl_typesupport_cpp.so[0m
[15.788s] [ 61%] [32m[1mLinking CXX shared library libperson_msgs__rosidl_typesupport_introspection_cpp.so[0m
[15.818s] [ 61%] Built target person_msgs__rosidl_typesupport_c
[15.858s] [ 61%] Built target person_msgs__rosidl_typesupport_introspection_c
[15.872s] [ 61%] Built target person_msgs__rosidl_typesupport_cpp
[15.888s] [ 61%] Built target person_msgs__rosidl_typesupport_introspection_cpp
[15.914s] [ 64%] [32m[1mLinking CXX shared library libperson_msgs__rosidl_typesupport_fastrtps_cpp.so[0m
[16.086s] [ 64%] Built target person_msgs__rosidl_typesupport_fastrtps_cpp
[16.097s] [ 66%] [34m[1mGenerating C type support for eProsima Fast-RTPS[0m
[16.345s] [35m[1mScanning dependencies of target person_msgs__rosidl_typesupport_fastrtps_c[0m
[16.361s] [ 71%] [32mBuilding CXX object CMakeFiles/person_msgs__rosidl_typesupport_fastrtps_c.dir/rosidl_typesupport_fastrtps_c/person_msgs/srv/detail/query__type_support_c.cpp.o[0m
[16.361s] [ 71%] [32mBuilding CXX object CMakeFiles/person_msgs__rosidl_typesupport_fastrtps_c.dir/rosidl_typesupport_fastrtps_c/person_msgs/msg/detail/person__type_support_c.cpp.o[0m
[16.717s] [ 74%] [32m[1mLinking CXX shared library libperson_msgs__rosidl_typesupport_fastrtps_c.so[0m
[16.864s] [ 74%] Built target person_msgs__rosidl_typesupport_fastrtps_c
[16.882s] [ 74%] Built target person_msgs
[16.892s] [35m[1mScanning dependencies of target person_msgs__py[0m
[16.902s] [ 76%] [34m[1mGenerating Python code for ROS interfaces[0m
[17.504s] [ 76%] Built target person_msgs__py
[17.516s] [35m[1mScanning dependencies of target person_msgs__python[0m
[17.533s] [ 82%] [32mBuilding C object CMakeFiles/person_msgs__python.dir/rosidl_generator_py/person_msgs/msg/_person_s.c.o[0m
[17.533s] [ 82%] [32mBuilding C object CMakeFiles/person_msgs__python.dir/rosidl_generator_py/person_msgs/srv/_query_s.c.o[0m
[17.685s] [ 84%] [32m[1mLinking C shared library rosidl_generator_py/person_msgs/libperson_msgs__python.so[0m
[17.794s] [ 84%] Built target person_msgs__python
[17.812s] [35m[1mScanning dependencies of target person_msgs__rosidl_typesupport_introspection_c__pyext[0m
[17.812s] [35m[1mScanning dependencies of target person_msgs__rosidl_typesupport_fastrtps_c__pyext[0m
[17.813s] [35m[1mScanning dependencies of target person_msgs__rosidl_typesupport_c__pyext[0m
[17.828s] [ 87%] [32mBuilding C object CMakeFiles/person_msgs__rosidl_typesupport_c__pyext.dir/rosidl_generator_py/person_msgs/_person_msgs_s.ep.rosidl_typesupport_c.c.o[0m
[17.828s] [ 89%] [32mBuilding C object CMakeFiles/person_msgs__rosidl_typesupport_introspection_c__pyext.dir/rosidl_generator_py/person_msgs/_person_msgs_s.ep.rosidl_typesupport_introspection_c.c.o[0m
[17.830s] [ 92%] [32mBuilding C object CMakeFiles/person_msgs__rosidl_typesupport_fastrtps_c__pyext.dir/rosidl_generator_py/person_msgs/_person_msgs_s.ep.rosidl_typesupport_fastrtps_c.c.o[0m
[17.921s] [ 94%] [32m[1mLinking C shared library rosidl_generator_py/person_msgs/person_msgs_s__rosidl_typesupport_introspection_c.cpython-38-x86_64-linux-gnu.so[0m
[17.935s] [ 97%] [32m[1mLinking CXX shared library rosidl_generator_py/person_msgs/person_msgs_s__rosidl_typesupport_fastrtps_c.cpython-38-x86_64-linux-gnu.so[0m
[17.944s] [100%] [32m[1mLinking C shared library rosidl_generator_py/person_msgs/person_msgs_s__rosidl_typesupport_c.cpython-38-x86_64-linux-gnu.so[0m
[17.997s] [100%] Built target person_msgs__rosidl_typesupport_introspection_c__pyext
[18.011s] [100%] Built target person_msgs__rosidl_typesupport_c__pyext
[18.039s] [100%] Built target person_msgs__rosidl_typesupport_fastrtps_c__pyext
[18.054s] Invoked command in '/home/haru/test2/ros2_ws/build/person_msgs' returned '0': CMAKE_PREFIX_PATH=${CMAKE_PREFIX_PATH}:/home/haru/test2/ros2_ws/install/mypkg:/opt/ros/foxy /usr/bin/cmake --build /home/haru/test2/ros2_ws/build/person_msgs -- -j8 -l8
[18.128s] Invoking command in '/home/haru/test2/ros2_ws/build/person_msgs': CMAKE_PREFIX_PATH=${CMAKE_PREFIX_PATH}:/home/haru/test2/ros2_ws/install/mypkg:/opt/ros/foxy /usr/bin/cmake --install /home/haru/test2/ros2_ws/build/person_msgs
[18.135s] -- Install configuration: ""
[18.136s] -- Installing: /home/haru/test2/ros2_ws/install/person_msgs/share/ament_index/resource_index/rosidl_interfaces/person_msgs
[18.137s] -- Up-to-date: /home/haru/test2/ros2_ws/install/person_msgs/include/person_msgs
[18.137s] -- Installing: /home/haru/test2/ros2_ws/install/person_msgs/include/person_msgs/srv
[18.137s] -- Installing: /home/haru/test2/ros2_ws/install/person_msgs/include/person_msgs/srv/query.h
[18.137s] -- Installing: /home/haru/test2/ros2_ws/install/person_msgs/include/person_msgs/srv/detail
[18.138s] -- Installing: /home/haru/test2/ros2_ws/install/person_msgs/include/person_msgs/srv/detail/query__struct.h
[18.138s] -- Installing: /home/haru/test2/ros2_ws/install/person_msgs/include/person_msgs/srv/detail/query__type_support.h
[18.138s] -- Installing: /home/haru/test2/ros2_ws/install/person_msgs/include/person_msgs/srv/detail/query__functions.c
[18.138s] -- Installing: /home/haru/test2/ros2_ws/install/person_msgs/include/person_msgs/srv/detail/query__functions.h
[18.138s] -- Up-to-date: /home/haru/test2/ros2_ws/install/person_msgs/include/person_msgs/msg
[18.138s] -- Up-to-date: /home/haru/test2/ros2_ws/install/person_msgs/include/person_msgs/msg/detail
[18.139s] -- Installing: /home/haru/test2/ros2_ws/install/person_msgs/include/person_msgs/msg/detail/person__functions.h
[18.139s] -- Installing: /home/haru/test2/ros2_ws/install/person_msgs/include/person_msgs/msg/detail/person__struct.h
[18.139s] -- Installing: /home/haru/test2/ros2_ws/install/person_msgs/include/person_msgs/msg/detail/person__functions.c
[18.139s] -- Installing: /home/haru/test2/ros2_ws/install/person_msgs/include/person_msgs/msg/detail/person__type_support.h
[18.139s] -- Installing: /home/haru/test2/ros2_ws/install/person_msgs/include/person_msgs/msg/person.h
[18.139s] -- Up-to-date: /home/haru/test2/ros2_ws/install/person_msgs/include/person_msgs/msg/rosidl_generator_c__visibility_control.h
[18.140s] -- Up-to-date: /home/haru/test2/ros2_ws/install/person_msgs/share/person_msgs/environment/library_path.sh
[18.140s] -- Installing: /home/haru/test2/ros2_ws/install/person_msgs/share/person_msgs/environment/library_path.dsv
[18.140s] -- Installing: /home/haru/test2/ros2_ws/install/person_msgs/lib/libperson_msgs__rosidl_generator_c.so
[18.141s] -- Set runtime path of "/home/haru/test2/ros2_ws/install/person_msgs/lib/libperson_msgs__rosidl_generator_c.so" to ""
[18.141s] -- Up-to-date: /home/haru/test2/ros2_ws/install/person_msgs/include/person_msgs
[18.141s] -- Up-to-date: /home/haru/test2/ros2_ws/install/person_msgs/include/person_msgs/srv
[18.141s] -- Up-to-date: /home/haru/test2/ros2_ws/install/person_msgs/include/person_msgs/srv/detail
[18.141s] -- Installing: /home/haru/test2/ros2_ws/install/person_msgs/include/person_msgs/srv/detail/query__rosidl_typesupport_fastrtps_c.h
[18.141s] -- Up-to-date: /home/haru/test2/ros2_ws/install/person_msgs/include/person_msgs/msg
[18.142s] -- Up-to-date: /home/haru/test2/ros2_ws/install/person_msgs/include/person_msgs/msg/detail
[18.142s] -- Installing: /home/haru/test2/ros2_ws/install/person_msgs/include/person_msgs/msg/detail/person__rosidl_typesupport_fastrtps_c.h
[18.142s] -- Up-to-date: /home/haru/test2/ros2_ws/install/person_msgs/include/person_msgs/msg/rosidl_typesupport_fastrtps_c__visibility_control.h
[18.142s] -- Installing: /home/haru/test2/ros2_ws/install/person_msgs/lib/libperson_msgs__rosidl_typesupport_fastrtps_c.so
[18.142s] -- Set runtime path of "/home/haru/test2/ros2_ws/install/person_msgs/lib/libperson_msgs__rosidl_typesupport_fastrtps_c.so" to ""
[18.142s] -- Up-to-date: /home/haru/test2/ros2_ws/install/person_msgs/include/person_msgs
[18.143s] -- Up-to-date: /home/haru/test2/ros2_ws/install/person_msgs/include/person_msgs/srv
[18.143s] -- Up-to-date: /home/haru/test2/ros2_ws/install/person_msgs/include/person_msgs/srv/detail
[18.143s] -- Installing: /home/haru/test2/ros2_ws/install/person_msgs/include/person_msgs/srv/detail/dds_fastrtps
[18.143s] -- Installing: /home/haru/test2/ros2_ws/install/person_msgs/include/person_msgs/srv/detail/query__rosidl_typesupport_fastrtps_cpp.hpp
[18.143s] -- Up-to-date: /home/haru/test2/ros2_ws/install/person_msgs/include/person_msgs/msg
[18.143s] -- Up-to-date: /home/haru/test2/ros2_ws/install/person_msgs/include/person_msgs/msg/detail
[18.143s] -- Up-to-date: /home/haru/test2/ros2_ws/install/person_msgs/include/person_msgs/msg/detail/dds_fastrtps
[18.143s] -- Installing: /home/haru/test2/ros2_ws/install/person_msgs/include/person_msgs/msg/detail/person__rosidl_typesupport_fastrtps_cpp.hpp
[18.144s] -- Up-to-date: /home/haru/test2/ros2_ws/install/person_msgs/include/person_msgs/msg/rosidl_typesupport_fastrtps_cpp__visibility_control.h
[18.144s] -- Installing: /home/haru/test2/ros2_ws/install/person_msgs/lib/libperson_msgs__rosidl_typesupport_fastrtps_cpp.so
[18.144s] -- Set runtime path of "/home/haru/test2/ros2_ws/install/person_msgs/lib/libperson_msgs__rosidl_typesupport_fastrtps_cpp.so" to ""
[18.144s] -- Up-to-date: /home/haru/test2/ros2_ws/install/person_msgs/include/person_msgs
[18.145s] -- Up-to-date: /home/haru/test2/ros2_ws/install/person_msgs/include/person_msgs/srv
[18.145s] -- Up-to-date: /home/haru/test2/ros2_ws/install/person_msgs/include/person_msgs/srv/detail
[18.145s] -- Installing: /home/haru/test2/ros2_ws/install/person_msgs/include/person_msgs/srv/detail/query__type_support.c
[18.145s] -- Installing: /home/haru/test2/ros2_ws/install/person_msgs/include/person_msgs/srv/detail/query__rosidl_typesupport_introspection_c.h
[18.145s] -- Up-to-date: /home/haru/test2/ros2_ws/install/person_msgs/include/person_msgs/msg
[18.145s] -- Up-to-date: /home/haru/test2/ros2_ws/install/person_msgs/include/person_msgs/msg/rosidl_typesupport_introspection_c__visibility_control.h
[18.145s] -- Up-to-date: /home/haru/test2/ros2_ws/install/person_msgs/include/person_msgs/msg/detail
[18.145s] -- Installing: /home/haru/test2/ros2_ws/install/person_msgs/include/person_msgs/msg/detail/person__rosidl_typesupport_introspection_c.h
[18.145s] -- Installing: /home/haru/test2/ros2_ws/install/person_msgs/include/person_msgs/msg/detail/person__type_support.c
[18.146s] -- Installing: /home/haru/test2/ros2_ws/install/person_msgs/lib/libperson_msgs__rosidl_typesupport_introspection_c.so
[18.146s] -- Set runtime path of "/home/haru/test2/ros2_ws/install/person_msgs/lib/libperson_msgs__rosidl_typesupport_introspection_c.so" to ""
[18.146s] -- Installing: /home/haru/test2/ros2_ws/install/person_msgs/lib/libperson_msgs__rosidl_typesupport_c.so
[18.147s] -- Set runtime path of "/home/haru/test2/ros2_ws/install/person_msgs/lib/libperson_msgs__rosidl_typesupport_c.so" to ""
[18.147s] -- Up-to-date: /home/haru/test2/ros2_ws/install/person_msgs/include/person_msgs
[18.147s] -- Up-to-date: /home/haru/test2/ros2_ws/install/person_msgs/include/person_msgs/srv
[18.147s] -- Installing: /home/haru/test2/ros2_ws/install/person_msgs/include/person_msgs/srv/query.hpp
[18.148s] -- Up-to-date: /home/haru/test2/ros2_ws/install/person_msgs/include/person_msgs/srv/detail
[18.148s] -- Installing: /home/haru/test2/ros2_ws/install/person_msgs/include/person_msgs/srv/detail/query__struct.hpp
[18.149s] -- Installing: /home/haru/test2/ros2_ws/install/person_msgs/include/person_msgs/srv/detail/query__traits.hpp
[18.149s] -- Installing: /home/haru/test2/ros2_ws/install/person_msgs/include/person_msgs/srv/detail/query__builder.hpp
[18.149s] -- Installing: /home/haru/test2/ros2_ws/install/person_msgs/include/person_msgs/srv/detail/query__type_support.hpp
[18.149s] -- Up-to-date: /home/haru/test2/ros2_ws/install/person_msgs/include/person_msgs/msg
[18.150s] -- Up-to-date: /home/haru/test2/ros2_ws/install/person_msgs/include/person_msgs/msg/rosidl_generator_cpp__visibility_control.hpp
[18.150s] -- Up-to-date: /home/haru/test2/ros2_ws/install/person_msgs/include/person_msgs/msg/detail
[18.150s] -- Installing: /home/haru/test2/ros2_ws/install/person_msgs/include/person_msgs/msg/detail/person__builder.hpp
[18.150s] -- Installing: /home/haru/test2/ros2_ws/install/person_msgs/include/person_msgs/msg/detail/person__type_support.hpp
[18.150s] -- Installing: /home/haru/test2/ros2_ws/install/person_msgs/include/person_msgs/msg/detail/person__traits.hpp
[18.151s] -- Installing: /home/haru/test2/ros2_ws/install/person_msgs/include/person_msgs/msg/detail/person__struct.hpp
[18.151s] -- Installing: /home/haru/test2/ros2_ws/install/person_msgs/include/person_msgs/msg/person.hpp
[18.151s] -- Up-to-date: /home/haru/test2/ros2_ws/install/person_msgs/include/person_msgs
[18.151s] -- Up-to-date: /home/haru/test2/ros2_ws/install/person_msgs/include/person_msgs/srv
[18.151s] -- Up-to-date: /home/haru/test2/ros2_ws/install/person_msgs/include/person_msgs/srv/detail
[18.151s] -- Installing: /home/haru/test2/ros2_ws/install/person_msgs/include/person_msgs/srv/detail/query__type_support.cpp
[18.151s] -- Installing: /home/haru/test2/ros2_ws/install/person_msgs/include/person_msgs/srv/detail/query__rosidl_typesupport_introspection_cpp.hpp
[18.151s] -- Up-to-date: /home/haru/test2/ros2_ws/install/person_msgs/include/person_msgs/msg
[18.151s] -- Up-to-date: /home/haru/test2/ros2_ws/install/person_msgs/include/person_msgs/msg/detail
[18.151s] -- Installing: /home/haru/test2/ros2_ws/install/person_msgs/include/person_msgs/msg/detail/person__rosidl_typesupport_introspection_cpp.hpp
[18.151s] -- Installing: /home/haru/test2/ros2_ws/install/person_msgs/include/person_msgs/msg/detail/person__type_support.cpp
[18.151s] -- Installing: /home/haru/test2/ros2_ws/install/person_msgs/lib/libperson_msgs__rosidl_typesupport_introspection_cpp.so
[18.152s] -- Set runtime path of "/home/haru/test2/ros2_ws/install/person_msgs/lib/libperson_msgs__rosidl_typesupport_introspection_cpp.so" to ""
[18.152s] -- Installing: /home/haru/test2/ros2_ws/install/person_msgs/lib/libperson_msgs__rosidl_typesupport_cpp.so
[18.152s] -- Set runtime path of "/home/haru/test2/ros2_ws/install/person_msgs/lib/libperson_msgs__rosidl_typesupport_cpp.so" to ""
[18.152s] -- Up-to-date: /home/haru/test2/ros2_ws/install/person_msgs/share/person_msgs/environment/pythonpath.sh
[18.152s] -- Installing: /home/haru/test2/ros2_ws/install/person_msgs/share/person_msgs/environment/pythonpath.dsv
[18.153s] -- Installing: /home/haru/test2/ros2_ws/install/person_msgs/lib/python3.8/site-packages/person_msgs/__init__.py
[18.181s] Compiling '/home/haru/test2/ros2_ws/install/person_msgs/lib/python3.8/site-packages/person_msgs/__init__.py'...
[18.185s] -- Up-to-date: /home/haru/test2/ros2_ws/install/person_msgs/lib/python3.8/site-packages/person_msgs/msg
[18.185s] -- Installing: /home/haru/test2/ros2_ws/install/person_msgs/lib/python3.8/site-packages/person_msgs/msg/_person.py
[18.186s] -- Installing: /home/haru/test2/ros2_ws/install/person_msgs/lib/python3.8/site-packages/person_msgs/msg/_person_s.c
[18.186s] -- Installing: /home/haru/test2/ros2_ws/install/person_msgs/lib/python3.8/site-packages/person_msgs/msg/__init__.py
[18.186s] -- Installing: /home/haru/test2/ros2_ws/install/person_msgs/lib/python3.8/site-packages/person_msgs/srv
[18.186s] -- Installing: /home/haru/test2/ros2_ws/install/person_msgs/lib/python3.8/site-packages/person_msgs/srv/_query.py
[18.186s] -- Installing: /home/haru/test2/ros2_ws/install/person_msgs/lib/python3.8/site-packages/person_msgs/srv/_query_s.c
[18.186s] -- Installing: /home/haru/test2/ros2_ws/install/person_msgs/lib/python3.8/site-packages/person_msgs/srv/__init__.py
[18.187s] -- Installing: /home/haru/test2/ros2_ws/install/person_msgs/lib/python3.8/site-packages/person_msgs/person_msgs_s__rosidl_typesupport_fastrtps_c.cpython-38-x86_64-linux-gnu.so
[18.188s] -- Set runtime path of "/home/haru/test2/ros2_ws/install/person_msgs/lib/python3.8/site-packages/person_msgs/person_msgs_s__rosidl_typesupport_fastrtps_c.cpython-38-x86_64-linux-gnu.so" to ""
[18.188s] -- Installing: /home/haru/test2/ros2_ws/install/person_msgs/lib/python3.8/site-packages/person_msgs/person_msgs_s__rosidl_typesupport_introspection_c.cpython-38-x86_64-linux-gnu.so
[18.189s] -- Set runtime path of "/home/haru/test2/ros2_ws/install/person_msgs/lib/python3.8/site-packages/person_msgs/person_msgs_s__rosidl_typesupport_introspection_c.cpython-38-x86_64-linux-gnu.so" to ""
[18.189s] -- Installing: /home/haru/test2/ros2_ws/install/person_msgs/lib/python3.8/site-packages/person_msgs/person_msgs_s__rosidl_typesupport_c.cpython-38-x86_64-linux-gnu.so
[18.190s] -- Set runtime path of "/home/haru/test2/ros2_ws/install/person_msgs/lib/python3.8/site-packages/person_msgs/person_msgs_s__rosidl_typesupport_c.cpython-38-x86_64-linux-gnu.so" to ""
[18.190s] -- Installing: /home/haru/test2/ros2_ws/install/person_msgs/lib/libperson_msgs__python.so
[18.190s] -- Set runtime path of "/home/haru/test2/ros2_ws/install/person_msgs/lib/libperson_msgs__python.so" to ""
[18.191s] -- Up-to-date: /home/haru/test2/ros2_ws/install/person_msgs/share/person_msgs/msg/Person.idl
[18.191s] -- Installing: /home/haru/test2/ros2_ws/install/person_msgs/share/person_msgs/srv/Query.idl
[18.191s] -- Up-to-date: /home/haru/test2/ros2_ws/install/person_msgs/share/person_msgs/msg/Person.msg
[18.191s] -- Installing: /home/haru/test2/ros2_ws/install/person_msgs/share/person_msgs/srv/Query.srv
[18.191s] -- Installing: /home/haru/test2/ros2_ws/install/person_msgs/share/person_msgs/srv/Query_Request.msg
[18.191s] -- Installing: /home/haru/test2/ros2_ws/install/person_msgs/share/person_msgs/srv/Query_Response.msg
[18.192s] -- Up-to-date: /home/haru/test2/ros2_ws/install/person_msgs/share/ament_index/resource_index/package_run_dependencies/person_msgs
[18.192s] -- Installing: /home/haru/test2/ros2_ws/install/person_msgs/share/ament_index/resource_index/parent_prefix_path/person_msgs
[18.192s] -- Up-to-date: /home/haru/test2/ros2_ws/install/person_msgs/share/person_msgs/environment/ament_prefix_path.sh
[18.192s] -- Installing: /home/haru/test2/ros2_ws/install/person_msgs/share/person_msgs/environment/ament_prefix_path.dsv
[18.193s] -- Up-to-date: /home/haru/test2/ros2_ws/install/person_msgs/share/person_msgs/environment/path.sh
[18.193s] -- Installing: /home/haru/test2/ros2_ws/install/person_msgs/share/person_msgs/environment/path.dsv
[18.193s] -- Up-to-date: /home/haru/test2/ros2_ws/install/person_msgs/share/person_msgs/local_setup.bash
[18.193s] -- Up-to-date: /home/haru/test2/ros2_ws/install/person_msgs/share/person_msgs/local_setup.sh
[18.193s] -- Up-to-date: /home/haru/test2/ros2_ws/install/person_msgs/share/person_msgs/local_setup.zsh
[18.194s] -- Installing: /home/haru/test2/ros2_ws/install/person_msgs/share/person_msgs/local_setup.dsv
[18.194s] -- Installing: /home/haru/test2/ros2_ws/install/person_msgs/share/person_msgs/package.dsv
[18.194s] -- Up-to-date: /home/haru/test2/ros2_ws/install/person_msgs/share/ament_index/resource_index/packages/person_msgs
[18.194s] -- Up-to-date: /home/haru/test2/ros2_ws/install/person_msgs/share/person_msgs/cmake/person_msgs__rosidl_generator_cExport.cmake
[18.194s] -- Installing: /home/haru/test2/ros2_ws/install/person_msgs/share/person_msgs/cmake/person_msgs__rosidl_generator_cExport-noconfig.cmake
[18.195s] -- Up-to-date: /home/haru/test2/ros2_ws/install/person_msgs/share/person_msgs/cmake/person_msgs__rosidl_typesupport_introspection_cExport.cmake
[18.195s] -- Installing: /home/haru/test2/ros2_ws/install/person_msgs/share/person_msgs/cmake/person_msgs__rosidl_typesupport_introspection_cExport-noconfig.cmake
[18.195s] -- Up-to-date: /home/haru/test2/ros2_ws/install/person_msgs/share/person_msgs/cmake/person_msgs__rosidl_typesupport_cExport.cmake
[18.195s] -- Installing: /home/haru/test2/ros2_ws/install/person_msgs/share/person_msgs/cmake/person_msgs__rosidl_typesupport_cExport-noconfig.cmake
[18.196s] -- Up-to-date: /home/haru/test2/ros2_ws/install/person_msgs/share/person_msgs/cmake/person_msgs__rosidl_generator_cppExport.cmake
[18.196s] -- Up-to-date: /home/haru/test2/ros2_ws/install/person_msgs/share/person_msgs/cmake/person_msgs__rosidl_typesupport_introspection_cppExport.cmake
[18.196s] -- Installing: /home/haru/test2/ros2_ws/install/person_msgs/share/person_msgs/cmake/person_msgs__rosidl_typesupport_introspection_cppExport-noconfig.cmake
[18.197s] -- Up-to-date: /home/haru/test2/ros2_ws/install/person_msgs/share/person_msgs/cmake/person_msgs__rosidl_typesupport_cppExport.cmake
[18.197s] -- Installing: /home/haru/test2/ros2_ws/install/person_msgs/share/person_msgs/cmake/person_msgs__rosidl_typesupport_cppExport-noconfig.cmake
[18.198s] -- Installing: /home/haru/test2/ros2_ws/install/person_msgs/share/person_msgs/cmake/rosidl_cmake-extras.cmake
[18.198s] -- Up-to-date: /home/haru/test2/ros2_ws/install/person_msgs/share/person_msgs/cmake/ament_cmake_export_dependencies-extras.cmake
[18.198s] -- Up-to-date: /home/haru/test2/ros2_ws/install/person_msgs/share/person_msgs/cmake/ament_cmake_export_libraries-extras.cmake
[18.198s] -- Up-to-date: /home/haru/test2/ros2_ws/install/person_msgs/share/person_msgs/cmake/ament_cmake_export_targets-extras.cmake
[18.198s] -- Up-to-date: /home/haru/test2/ros2_ws/install/person_msgs/share/person_msgs/cmake/ament_cmake_export_include_directories-extras.cmake
[18.198s] -- Up-to-date: /home/haru/test2/ros2_ws/install/person_msgs/share/person_msgs/cmake/rosidl_cmake_export_typesupport_libraries-extras.cmake
[18.198s] -- Up-to-date: /home/haru/test2/ros2_ws/install/person_msgs/share/person_msgs/cmake/rosidl_cmake_export_typesupport_targets-extras.cmake
[18.198s] -- Up-to-date: /home/haru/test2/ros2_ws/install/person_msgs/share/person_msgs/cmake/person_msgsConfig.cmake
[18.198s] -- Up-to-date: /home/haru/test2/ros2_ws/install/person_msgs/share/person_msgs/cmake/person_msgsConfig-version.cmake
[18.198s] -- Up-to-date: /home/haru/test2/ros2_ws/install/person_msgs/share/person_msgs/package.xml
[18.200s] Invoked command in '/home/haru/test2/ros2_ws/build/person_msgs' returned '0': CMAKE_PREFIX_PATH=${CMAKE_PREFIX_PATH}:/home/haru/test2/ros2_ws/install/mypkg:/opt/ros/foxy /usr/bin/cmake --install /home/haru/test2/ros2_ws/build/person_msgs
