[0.769s] Invoking command in '/home/haru/test2/ros2_ws/src/mypkg': PYTHONPATH=/home/haru/test2/ros2_ws/build/mypkg/prefix_override:/usr/lib/python3/dist-packages/colcon_core/task/python/colcon_distutils_commands:/home/haru/test2/ros2_ws/install/mypkg/lib/python3.8/site-packages:${PYTHONPATH} /usr/bin/python3 -W ignore:setup.py install is deprecated setup.py egg_info --egg-base ../../build/mypkg build --build-base /home/haru/test2/ros2_ws/build/mypkg/build install --record /home/haru/test2/ros2_ws/build/mypkg/install.log --install-scripts $base/lib/mypkg --single-version-externally-managed install_data
[0.963s] running egg_info
[0.964s] writing ../../build/mypkg/mypkg.egg-info/PKG-INFO
[0.964s] writing dependency_links to ../../build/mypkg/mypkg.egg-info/dependency_links.txt
[0.965s] writing entry points to ../../build/mypkg/mypkg.egg-info/entry_points.txt
[0.965s] writing requirements to ../../build/mypkg/mypkg.egg-info/requires.txt
[0.965s] writing top-level names to ../../build/mypkg/mypkg.egg-info/top_level.txt
[1.011s] reading manifest file '../../build/mypkg/mypkg.egg-info/SOURCES.txt'
[1.013s] writing manifest file '../../build/mypkg/mypkg.egg-info/SOURCES.txt'
[1.013s] running build
[1.013s] running build_py
[1.014s] copying mypkg/talker.py -> /home/haru/test2/ros2_ws/build/mypkg/build/lib/mypkg
[1.014s] running install
[1.014s] running install_lib
[1.016s] copying /home/haru/test2/ros2_ws/build/mypkg/build/lib/mypkg/talker.py -> /home/haru/test2/ros2_ws/install/mypkg/lib/python3.8/site-packages/mypkg
[1.016s] byte-compiling /home/haru/test2/ros2_ws/install/mypkg/lib/python3.8/site-packages/mypkg/talker.py to talker.cpython-38.pyc
[1.017s] running install_data
[1.018s] running install_egg_info
[1.019s] removing '/home/haru/test2/ros2_ws/install/mypkg/lib/python3.8/site-packages/mypkg-0.0.0-py3.8.egg-info' (and everything under it)
[1.020s] Copying ../../build/mypkg/mypkg.egg-info to /home/haru/test2/ros2_ws/install/mypkg/lib/python3.8/site-packages/mypkg-0.0.0-py3.8.egg-info
[1.021s] running install_scripts
[1.036s] Installing listener script to /home/haru/test2/ros2_ws/install/mypkg/lib/mypkg
[1.037s] Installing talker script to /home/haru/test2/ros2_ws/install/mypkg/lib/mypkg
[1.037s] writing list of installed files to '/home/haru/test2/ros2_ws/build/mypkg/install.log'
[1.056s] Invoked command in '/home/haru/test2/ros2_ws/src/mypkg' returned '0': PYTHONPATH=/home/haru/test2/ros2_ws/build/mypkg/prefix_override:/usr/lib/python3/dist-packages/colcon_core/task/python/colcon_distutils_commands:/home/haru/test2/ros2_ws/install/mypkg/lib/python3.8/site-packages:${PYTHONPATH} /usr/bin/python3 -W ignore:setup.py install is deprecated setup.py egg_info --egg-base ../../build/mypkg build --build-base /home/haru/test2/ros2_ws/build/mypkg/build install --record /home/haru/test2/ros2_ws/build/mypkg/install.log --install-scripts $base/lib/mypkg --single-version-externally-managed install_data
