[0.219s] Invoking command in '/home/haru/test2/ros2_ws/build/person_msgs': CMAKE_PREFIX_PATH=/home/haru/test2/ros2_ws/install/mypkg:/opt/ros/foxy /usr/bin/cmake /home/haru/test2/ros2_ws/src/person_msgs -DCMAKE_INSTALL_PREFIX=/home/haru/test2/ros2_ws/install/person_msgs
[0.589s] -- The C compiler identification is GNU 9.4.0
[0.847s] -- The CXX compiler identification is GNU 9.4.0
[0.995s] -- Check for working C compiler: /usr/bin/cc
[1.161s] -- Check for working C compiler: /usr/bin/cc -- works
[1.173s] -- Detecting C compiler ABI info
[1.379s] -- Detecting C compiler ABI info - done
[1.398s] -- Detecting C compile features
[1.398s] -- Detecting C compile features - done
[1.403s] -- Check for working CXX compiler: /usr/bin/c++
[1.615s] -- Check for working CXX compiler: /usr/bin/c++ -- works
[1.616s] -- Detecting CXX compiler ABI info
[1.824s] -- Detecting CXX compiler ABI info - done
[1.836s] -- Detecting CXX compile features
[1.836s] -- Detecting CXX compile features - done
[1.874s] -- Found ament_cmake: 0.9.12 (/opt/ros/foxy/share/ament_cmake/cmake)
[1.900s] -- Found PythonInterp: /usr/bin/python3 (found suitable version "3.8.10", minimum required is "3") 
[1.900s] -- Using PYTHON_EXECUTABLE: /usr/bin/python3
[2.113s] -- Found rosidl_default_generators: 1.0.1 (/opt/ros/foxy/share/rosidl_default_generators/cmake)
[2.121s] -- Using all available rosidl_typesupport_c: rosidl_typesupport_fastrtps_c;rosidl_typesupport_introspection_c
[2.134s] -- Found rosidl_adapter: 1.3.1 (/opt/ros/foxy/share/rosidl_adapter/cmake)
[4.277s] -- Found OpenSSL: /usr/lib/x86_64-linux-gnu/libcrypto.so (found version "1.1.1f")  
[6.018s] -- Found FastRTPS: /opt/ros/foxy/include  
[10.006s] -- Using all available rosidl_typesupport_cpp: rosidl_typesupport_fastrtps_cpp;rosidl_typesupport_introspection_cpp
[10.070s] -- Found PythonInterp: /usr/bin/python3 (found version "3.8.10") 
[10.194s] -- Found ament_cmake_ros: 0.9.2 (/opt/ros/foxy/share/ament_cmake_ros/cmake)
[17.138s] -- Using all available rosidl_typesupport_c: rosidl_typesupport_fastrtps_c;rosidl_typesupport_introspection_c
[17.148s] -- Using all available rosidl_typesupport_cpp: rosidl_typesupport_fastrtps_cpp;rosidl_typesupport_introspection_cpp
[17.169s] -- Found PythonInterp: /usr/bin/python3 (found suitable version "3.8.10", minimum required is "3.5") 
[17.172s] -- Found python_cmake_module: 0.8.1 (/opt/ros/foxy/share/python_cmake_module/cmake)
[17.867s] -- Found PythonLibs: /usr/lib/x86_64-linux-gnu/libpython3.8.so (found suitable version "3.8.10", minimum required is "3.5") 
[17.867s] -- Using PYTHON_EXECUTABLE: /usr/bin/python3
[17.867s] -- Using PYTHON_INCLUDE_DIRS: /usr/include/python3.8
[17.867s] -- Using PYTHON_LIBRARIES: /usr/lib/x86_64-linux-gnu/libpython3.8.so
[17.888s] -- Found PythonExtra: .so  
[17.997s] -- Found ament_lint_auto: 0.9.8 (/opt/ros/foxy/share/ament_lint_auto/cmake)
[18.040s] -- Added test 'copyright' to check source files copyright and LICENSE
[18.043s] -- Added test 'lint_cmake' to check CMake code style
[18.046s] -- Added test 'xmllint' to check XML markup files
[18.051s] -- Configuring done
[18.086s] -- Generating done
[18.088s] -- Build files have been written to: /home/haru/test2/ros2_ws/build/person_msgs
[18.096s] Invoked command in '/home/haru/test2/ros2_ws/build/person_msgs' returned '0': CMAKE_PREFIX_PATH=/home/haru/test2/ros2_ws/install/mypkg:/opt/ros/foxy /usr/bin/cmake /home/haru/test2/ros2_ws/src/person_msgs -DCMAKE_INSTALL_PREFIX=/home/haru/test2/ros2_ws/install/person_msgs
[18.096s] Invoking command in '/home/haru/test2/ros2_ws/build/person_msgs': CMAKE_PREFIX_PATH=/home/haru/test2/ros2_ws/install/mypkg:/opt/ros/foxy /usr/bin/cmake --build /home/haru/test2/ros2_ws/build/person_msgs -- -j8 -l8
[18.136s] [35m[1mScanning dependencies of target person_msgs__cpp[0m
[18.137s] [  3%] [34m[1mGenerating C code for ROS interfaces[0m
[18.148s] [  6%] [34m[1mGenerating C++ code for ROS interfaces[0m
[18.366s] [  6%] Built target person_msgs__cpp
[18.375s] [  9%] [34m[1mGenerating C++ type support for eProsima Fast-RTPS[0m
[18.377s] [ 12%] [34m[1mGenerating C++ introspection for ROS interfaces[0m
[18.377s] [ 16%] [34m[1mGenerating C++ type support dispatch for ROS interfaces[0m
[18.379s] [35m[1mScanning dependencies of target person_msgs__rosidl_generator_c[0m
[18.401s] [ 19%] [32mBuilding C object CMakeFiles/person_msgs__rosidl_generator_c.dir/rosidl_generator_c/person_msgs/msg/detail/person__functions.c.o[0m
[18.480s] [ 22%] [32m[1mLinking C shared library libperson_msgs__rosidl_generator_c.so[0m
[18.567s] [ 22%] Built target person_msgs__rosidl_generator_c
[18.580s] [ 25%] [34m[1mGenerating C type support dispatch for ROS interfaces[0m
[18.580s] [ 29%] [34m[1mGenerating C introspection for ROS interfaces[0m
[18.624s] [35m[1mScanning dependencies of target person_msgs__rosidl_typesupport_cpp[0m
[18.644s] [ 32%] [32mBuilding CXX object CMakeFiles/person_msgs__rosidl_typesupport_cpp.dir/rosidl_typesupport_cpp/person_msgs/msg/person__type_support.cpp.o[0m
[18.646s] [35m[1mScanning dependencies of target person_msgs__rosidl_typesupport_introspection_cpp[0m
[18.657s] [35m[1mScanning dependencies of target person_msgs__rosidl_typesupport_fastrtps_cpp[0m
[18.660s] [ 35%] [32mBuilding CXX object CMakeFiles/person_msgs__rosidl_typesupport_introspection_cpp.dir/rosidl_typesupport_introspection_cpp/person_msgs/msg/detail/person__type_support.cpp.o[0m
[18.676s] [ 38%] [32mBuilding CXX object CMakeFiles/person_msgs__rosidl_typesupport_fastrtps_cpp.dir/rosidl_typesupport_fastrtps_cpp/person_msgs/msg/detail/dds_fastrtps/person__type_support.cpp.o[0m
[18.803s] [35m[1mScanning dependencies of target person_msgs__rosidl_typesupport_c[0m
[18.817s] [ 41%] [32mBuilding CXX object CMakeFiles/person_msgs__rosidl_typesupport_c.dir/rosidl_typesupport_c/person_msgs/msg/person__type_support.cpp.o[0m
[18.829s] [35m[1mScanning dependencies of target person_msgs__rosidl_typesupport_introspection_c[0m
[18.843s] [ 45%] [32mBuilding C object CMakeFiles/person_msgs__rosidl_typesupport_introspection_c.dir/rosidl_typesupport_introspection_c/person_msgs/msg/detail/person__type_support.c.o[0m
[18.851s] [ 48%] [32m[1mLinking CXX shared library libperson_msgs__rosidl_typesupport_c.so[0m
[18.877s] [ 51%] [32m[1mLinking C shared library libperson_msgs__rosidl_typesupport_introspection_c.so[0m
[18.939s] [ 51%] Built target person_msgs__rosidl_typesupport_c
[18.945s] [ 51%] Built target person_msgs__rosidl_typesupport_introspection_c
[19.030s] [ 54%] [32m[1mLinking CXX shared library libperson_msgs__rosidl_typesupport_introspection_cpp.so[0m
[19.034s] [ 58%] [32m[1mLinking CXX shared library libperson_msgs__rosidl_typesupport_cpp.so[0m
[19.114s] [ 58%] Built target person_msgs__rosidl_typesupport_cpp
[19.129s] [ 58%] Built target person_msgs__rosidl_typesupport_introspection_cpp
[19.171s] [ 61%] [32m[1mLinking CXX shared library libperson_msgs__rosidl_typesupport_fastrtps_cpp.so[0m
[19.365s] [ 61%] Built target person_msgs__rosidl_typesupport_fastrtps_cpp
[19.373s] [ 64%] [34m[1mGenerating C type support for eProsima Fast-RTPS[0m
[19.577s] [35m[1mScanning dependencies of target person_msgs__rosidl_typesupport_fastrtps_c[0m
[19.591s] [ 67%] [32mBuilding CXX object CMakeFiles/person_msgs__rosidl_typesupport_fastrtps_c.dir/rosidl_typesupport_fastrtps_c/person_msgs/msg/detail/person__type_support_c.cpp.o[0m
[19.889s] [ 70%] [32m[1mLinking CXX shared library libperson_msgs__rosidl_typesupport_fastrtps_c.so[0m
[20.106s] [ 70%] Built target person_msgs__rosidl_typesupport_fastrtps_c
[20.115s] [35m[1mScanning dependencies of target person_msgs[0m
[20.124s] [ 70%] Built target person_msgs
[20.134s] [35m[1mScanning dependencies of target person_msgs__py[0m
[20.143s] [ 74%] [34m[1mGenerating Python code for ROS interfaces[0m
[20.488s] [ 74%] Built target person_msgs__py
[20.498s] [35m[1mScanning dependencies of target person_msgs__python[0m
[20.533s] [ 77%] [32mBuilding C object CMakeFiles/person_msgs__python.dir/rosidl_generator_py/person_msgs/msg/_person_s.c.o[0m
[20.633s] [ 80%] [32m[1mLinking C shared library rosidl_generator_py/person_msgs/libperson_msgs__python.so[0m
[20.807s] [ 80%] Built target person_msgs__python
[20.818s] [35m[1mScanning dependencies of target person_msgs__rosidl_typesupport_introspection_c__pyext[0m
[20.818s] [35m[1mScanning dependencies of target person_msgs__rosidl_typesupport_c__pyext[0m
[20.819s] [35m[1mScanning dependencies of target person_msgs__rosidl_typesupport_fastrtps_c__pyext[0m
[20.833s] [ 83%] [32mBuilding C object CMakeFiles/person_msgs__rosidl_typesupport_introspection_c__pyext.dir/rosidl_generator_py/person_msgs/_person_msgs_s.ep.rosidl_typesupport_introspection_c.c.o[0m
[20.837s] [ 90%] [32mBuilding C object CMakeFiles/person_msgs__rosidl_typesupport_c__pyext.dir/rosidl_generator_py/person_msgs/_person_msgs_s.ep.rosidl_typesupport_c.c.o[0m
[20.837s] [ 90%] [32mBuilding C object CMakeFiles/person_msgs__rosidl_typesupport_fastrtps_c__pyext.dir/rosidl_generator_py/person_msgs/_person_msgs_s.ep.rosidl_typesupport_fastrtps_c.c.o[0m
[20.922s] [ 93%] [32m[1mLinking C shared library rosidl_generator_py/person_msgs/person_msgs_s__rosidl_typesupport_c.cpython-38-x86_64-linux-gnu.so[0m
[20.925s] [ 96%] [32m[1mLinking C shared library rosidl_generator_py/person_msgs/person_msgs_s__rosidl_typesupport_introspection_c.cpython-38-x86_64-linux-gnu.so[0m
[20.926s] [100%] [32m[1mLinking CXX shared library rosidl_generator_py/person_msgs/person_msgs_s__rosidl_typesupport_fastrtps_c.cpython-38-x86_64-linux-gnu.so[0m
[20.999s] [100%] Built target person_msgs__rosidl_typesupport_c__pyext
[21.000s] [100%] Built target person_msgs__rosidl_typesupport_introspection_c__pyext
[21.024s] [100%] Built target person_msgs__rosidl_typesupport_fastrtps_c__pyext
[21.036s] Invoked command in '/home/haru/test2/ros2_ws/build/person_msgs' returned '0': CMAKE_PREFIX_PATH=/home/haru/test2/ros2_ws/install/mypkg:/opt/ros/foxy /usr/bin/cmake --build /home/haru/test2/ros2_ws/build/person_msgs -- -j8 -l8
[21.090s] Invoking command in '/home/haru/test2/ros2_ws/build/person_msgs': CMAKE_PREFIX_PATH=/home/haru/test2/ros2_ws/install/mypkg:/opt/ros/foxy /usr/bin/cmake --install /home/haru/test2/ros2_ws/build/person_msgs
[21.097s] -- Install configuration: ""
[21.098s] -- Installing: /home/haru/test2/ros2_ws/install/person_msgs/share/ament_index/resource_index/rosidl_interfaces/person_msgs
[21.098s] -- Installing: /home/haru/test2/ros2_ws/install/person_msgs/include/person_msgs
[21.098s] -- Installing: /home/haru/test2/ros2_ws/install/person_msgs/include/person_msgs/msg
[21.098s] -- Installing: /home/haru/test2/ros2_ws/install/person_msgs/include/person_msgs/msg/detail
[21.099s] -- Installing: /home/haru/test2/ros2_ws/install/person_msgs/include/person_msgs/msg/detail/person__functions.h
[21.099s] -- Installing: /home/haru/test2/ros2_ws/install/person_msgs/include/person_msgs/msg/detail/person__struct.h
[21.099s] -- Installing: /home/haru/test2/ros2_ws/install/person_msgs/include/person_msgs/msg/detail/person__functions.c
[21.099s] -- Installing: /home/haru/test2/ros2_ws/install/person_msgs/include/person_msgs/msg/detail/person__type_support.h
[21.099s] -- Installing: /home/haru/test2/ros2_ws/install/person_msgs/include/person_msgs/msg/person.h
[21.099s] -- Installing: /home/haru/test2/ros2_ws/install/person_msgs/include/person_msgs/msg/rosidl_generator_c__visibility_control.h
[21.099s] -- Installing: /home/haru/test2/ros2_ws/install/person_msgs/share/person_msgs/environment/library_path.sh
[21.100s] -- Installing: /home/haru/test2/ros2_ws/install/person_msgs/share/person_msgs/environment/library_path.dsv
[21.100s] -- Installing: /home/haru/test2/ros2_ws/install/person_msgs/lib/libperson_msgs__rosidl_generator_c.so
[21.100s] -- Set runtime path of "/home/haru/test2/ros2_ws/install/person_msgs/lib/libperson_msgs__rosidl_generator_c.so" to ""
[21.100s] -- Up-to-date: /home/haru/test2/ros2_ws/install/person_msgs/include/person_msgs
[21.101s] -- Up-to-date: /home/haru/test2/ros2_ws/install/person_msgs/include/person_msgs/msg
[21.101s] -- Up-to-date: /home/haru/test2/ros2_ws/install/person_msgs/include/person_msgs/msg/detail
[21.101s] -- Installing: /home/haru/test2/ros2_ws/install/person_msgs/include/person_msgs/msg/detail/person__rosidl_typesupport_fastrtps_c.h
[21.101s] -- Installing: /home/haru/test2/ros2_ws/install/person_msgs/include/person_msgs/msg/rosidl_typesupport_fastrtps_c__visibility_control.h
[21.101s] -- Installing: /home/haru/test2/ros2_ws/install/person_msgs/lib/libperson_msgs__rosidl_typesupport_fastrtps_c.so
[21.101s] -- Set runtime path of "/home/haru/test2/ros2_ws/install/person_msgs/lib/libperson_msgs__rosidl_typesupport_fastrtps_c.so" to ""
[21.102s] -- Up-to-date: /home/haru/test2/ros2_ws/install/person_msgs/include/person_msgs
[21.102s] -- Up-to-date: /home/haru/test2/ros2_ws/install/person_msgs/include/person_msgs/msg
[21.102s] -- Up-to-date: /home/haru/test2/ros2_ws/install/person_msgs/include/person_msgs/msg/detail
[21.102s] -- Installing: /home/haru/test2/ros2_ws/install/person_msgs/include/person_msgs/msg/detail/dds_fastrtps
[21.102s] -- Installing: /home/haru/test2/ros2_ws/install/person_msgs/include/person_msgs/msg/detail/person__rosidl_typesupport_fastrtps_cpp.hpp
[21.102s] -- Installing: /home/haru/test2/ros2_ws/install/person_msgs/include/person_msgs/msg/rosidl_typesupport_fastrtps_cpp__visibility_control.h
[21.102s] -- Installing: /home/haru/test2/ros2_ws/install/person_msgs/lib/libperson_msgs__rosidl_typesupport_fastrtps_cpp.so
[21.103s] -- Set runtime path of "/home/haru/test2/ros2_ws/install/person_msgs/lib/libperson_msgs__rosidl_typesupport_fastrtps_cpp.so" to ""
[21.103s] -- Up-to-date: /home/haru/test2/ros2_ws/install/person_msgs/include/person_msgs
[21.103s] -- Up-to-date: /home/haru/test2/ros2_ws/install/person_msgs/include/person_msgs/msg
[21.103s] -- Installing: /home/haru/test2/ros2_ws/install/person_msgs/include/person_msgs/msg/rosidl_typesupport_introspection_c__visibility_control.h
[21.103s] -- Up-to-date: /home/haru/test2/ros2_ws/install/person_msgs/include/person_msgs/msg/detail
[21.104s] -- Installing: /home/haru/test2/ros2_ws/install/person_msgs/include/person_msgs/msg/detail/person__rosidl_typesupport_introspection_c.h
[21.104s] -- Installing: /home/haru/test2/ros2_ws/install/person_msgs/include/person_msgs/msg/detail/person__type_support.c
[21.104s] -- Installing: /home/haru/test2/ros2_ws/install/person_msgs/lib/libperson_msgs__rosidl_typesupport_introspection_c.so
[21.104s] -- Set runtime path of "/home/haru/test2/ros2_ws/install/person_msgs/lib/libperson_msgs__rosidl_typesupport_introspection_c.so" to ""
[21.104s] -- Installing: /home/haru/test2/ros2_ws/install/person_msgs/lib/libperson_msgs__rosidl_typesupport_c.so
[21.105s] -- Set runtime path of "/home/haru/test2/ros2_ws/install/person_msgs/lib/libperson_msgs__rosidl_typesupport_c.so" to ""
[21.105s] -- Up-to-date: /home/haru/test2/ros2_ws/install/person_msgs/include/person_msgs
[21.105s] -- Up-to-date: /home/haru/test2/ros2_ws/install/person_msgs/include/person_msgs/msg
[21.105s] -- Installing: /home/haru/test2/ros2_ws/install/person_msgs/include/person_msgs/msg/rosidl_generator_cpp__visibility_control.hpp
[21.105s] -- Up-to-date: /home/haru/test2/ros2_ws/install/person_msgs/include/person_msgs/msg/detail
[21.106s] -- Installing: /home/haru/test2/ros2_ws/install/person_msgs/include/person_msgs/msg/detail/person__builder.hpp
[21.106s] -- Installing: /home/haru/test2/ros2_ws/install/person_msgs/include/person_msgs/msg/detail/person__type_support.hpp
[21.106s] -- Installing: /home/haru/test2/ros2_ws/install/person_msgs/include/person_msgs/msg/detail/person__traits.hpp
[21.106s] -- Installing: /home/haru/test2/ros2_ws/install/person_msgs/include/person_msgs/msg/detail/person__struct.hpp
[21.106s] -- Installing: /home/haru/test2/ros2_ws/install/person_msgs/include/person_msgs/msg/person.hpp
[21.106s] -- Up-to-date: /home/haru/test2/ros2_ws/install/person_msgs/include/person_msgs
[21.106s] -- Up-to-date: /home/haru/test2/ros2_ws/install/person_msgs/include/person_msgs/msg
[21.107s] -- Up-to-date: /home/haru/test2/ros2_ws/install/person_msgs/include/person_msgs/msg/detail
[21.107s] -- Installing: /home/haru/test2/ros2_ws/install/person_msgs/include/person_msgs/msg/detail/person__rosidl_typesupport_introspection_cpp.hpp
[21.107s] -- Installing: /home/haru/test2/ros2_ws/install/person_msgs/include/person_msgs/msg/detail/person__type_support.cpp
[21.107s] -- Installing: /home/haru/test2/ros2_ws/install/person_msgs/lib/libperson_msgs__rosidl_typesupport_introspection_cpp.so
[21.107s] -- Set runtime path of "/home/haru/test2/ros2_ws/install/person_msgs/lib/libperson_msgs__rosidl_typesupport_introspection_cpp.so" to ""
[21.107s] -- Installing: /home/haru/test2/ros2_ws/install/person_msgs/lib/libperson_msgs__rosidl_typesupport_cpp.so
[21.107s] -- Set runtime path of "/home/haru/test2/ros2_ws/install/person_msgs/lib/libperson_msgs__rosidl_typesupport_cpp.so" to ""
[21.107s] -- Installing: /home/haru/test2/ros2_ws/install/person_msgs/share/person_msgs/environment/pythonpath.sh
[21.107s] -- Installing: /home/haru/test2/ros2_ws/install/person_msgs/share/person_msgs/environment/pythonpath.dsv
[21.107s] -- Installing: /home/haru/test2/ros2_ws/install/person_msgs/lib/python3.8/site-packages/person_msgs/__init__.py
[21.135s] Compiling '/home/haru/test2/ros2_ws/install/person_msgs/lib/python3.8/site-packages/person_msgs/__init__.py'...
[21.138s] -- Installing: /home/haru/test2/ros2_ws/install/person_msgs/lib/python3.8/site-packages/person_msgs/msg
[21.139s] -- Installing: /home/haru/test2/ros2_ws/install/person_msgs/lib/python3.8/site-packages/person_msgs/msg/_person.py
[21.139s] -- Installing: /home/haru/test2/ros2_ws/install/person_msgs/lib/python3.8/site-packages/person_msgs/msg/_person_s.c
[21.139s] -- Installing: /home/haru/test2/ros2_ws/install/person_msgs/lib/python3.8/site-packages/person_msgs/msg/__init__.py
[21.139s] -- Installing: /home/haru/test2/ros2_ws/install/person_msgs/lib/python3.8/site-packages/person_msgs/person_msgs_s__rosidl_typesupport_fastrtps_c.cpython-38-x86_64-linux-gnu.so
[21.139s] -- Set runtime path of "/home/haru/test2/ros2_ws/install/person_msgs/lib/python3.8/site-packages/person_msgs/person_msgs_s__rosidl_typesupport_fastrtps_c.cpython-38-x86_64-linux-gnu.so" to ""
[21.140s] -- Installing: /home/haru/test2/ros2_ws/install/person_msgs/lib/python3.8/site-packages/person_msgs/person_msgs_s__rosidl_typesupport_introspection_c.cpython-38-x86_64-linux-gnu.so
[21.140s] -- Set runtime path of "/home/haru/test2/ros2_ws/install/person_msgs/lib/python3.8/site-packages/person_msgs/person_msgs_s__rosidl_typesupport_introspection_c.cpython-38-x86_64-linux-gnu.so" to ""
[21.141s] -- Installing: /home/haru/test2/ros2_ws/install/person_msgs/lib/python3.8/site-packages/person_msgs/person_msgs_s__rosidl_typesupport_c.cpython-38-x86_64-linux-gnu.so
[21.141s] -- Set runtime path of "/home/haru/test2/ros2_ws/install/person_msgs/lib/python3.8/site-packages/person_msgs/person_msgs_s__rosidl_typesupport_c.cpython-38-x86_64-linux-gnu.so" to ""
[21.141s] -- Installing: /home/haru/test2/ros2_ws/install/person_msgs/lib/libperson_msgs__python.so
[21.141s] -- Set runtime path of "/home/haru/test2/ros2_ws/install/person_msgs/lib/libperson_msgs__python.so" to ""
[21.142s] -- Installing: /home/haru/test2/ros2_ws/install/person_msgs/share/person_msgs/msg/Person.idl
[21.142s] -- Installing: /home/haru/test2/ros2_ws/install/person_msgs/share/person_msgs/msg/Person.msg
[21.142s] -- Installing: /home/haru/test2/ros2_ws/install/person_msgs/share/ament_index/resource_index/package_run_dependencies/person_msgs
[21.142s] -- Installing: /home/haru/test2/ros2_ws/install/person_msgs/share/ament_index/resource_index/parent_prefix_path/person_msgs
[21.142s] -- Installing: /home/haru/test2/ros2_ws/install/person_msgs/share/person_msgs/environment/ament_prefix_path.sh
[21.143s] -- Installing: /home/haru/test2/ros2_ws/install/person_msgs/share/person_msgs/environment/ament_prefix_path.dsv
[21.143s] -- Installing: /home/haru/test2/ros2_ws/install/person_msgs/share/person_msgs/environment/path.sh
[21.143s] -- Installing: /home/haru/test2/ros2_ws/install/person_msgs/share/person_msgs/environment/path.dsv
[21.143s] -- Installing: /home/haru/test2/ros2_ws/install/person_msgs/share/person_msgs/local_setup.bash
[21.143s] -- Installing: /home/haru/test2/ros2_ws/install/person_msgs/share/person_msgs/local_setup.sh
[21.143s] -- Installing: /home/haru/test2/ros2_ws/install/person_msgs/share/person_msgs/local_setup.zsh
[21.143s] -- Installing: /home/haru/test2/ros2_ws/install/person_msgs/share/person_msgs/local_setup.dsv
[21.144s] -- Installing: /home/haru/test2/ros2_ws/install/person_msgs/share/person_msgs/package.dsv
[21.144s] -- Installing: /home/haru/test2/ros2_ws/install/person_msgs/share/ament_index/resource_index/packages/person_msgs
[21.144s] -- Installing: /home/haru/test2/ros2_ws/install/person_msgs/share/person_msgs/cmake/person_msgs__rosidl_generator_cExport.cmake
[21.144s] -- Installing: /home/haru/test2/ros2_ws/install/person_msgs/share/person_msgs/cmake/person_msgs__rosidl_generator_cExport-noconfig.cmake
[21.145s] -- Installing: /home/haru/test2/ros2_ws/install/person_msgs/share/person_msgs/cmake/person_msgs__rosidl_typesupport_introspection_cExport.cmake
[21.145s] -- Installing: /home/haru/test2/ros2_ws/install/person_msgs/share/person_msgs/cmake/person_msgs__rosidl_typesupport_introspection_cExport-noconfig.cmake
[21.145s] -- Installing: /home/haru/test2/ros2_ws/install/person_msgs/share/person_msgs/cmake/person_msgs__rosidl_typesupport_cExport.cmake
[21.145s] -- Installing: /home/haru/test2/ros2_ws/install/person_msgs/share/person_msgs/cmake/person_msgs__rosidl_typesupport_cExport-noconfig.cmake
[21.146s] -- Installing: /home/haru/test2/ros2_ws/install/person_msgs/share/person_msgs/cmake/person_msgs__rosidl_generator_cppExport.cmake
[21.146s] -- Installing: /home/haru/test2/ros2_ws/install/person_msgs/share/person_msgs/cmake/person_msgs__rosidl_typesupport_introspection_cppExport.cmake
[21.146s] -- Installing: /home/haru/test2/ros2_ws/install/person_msgs/share/person_msgs/cmake/person_msgs__rosidl_typesupport_introspection_cppExport-noconfig.cmake
[21.146s] -- Installing: /home/haru/test2/ros2_ws/install/person_msgs/share/person_msgs/cmake/person_msgs__rosidl_typesupport_cppExport.cmake
[21.146s] -- Installing: /home/haru/test2/ros2_ws/install/person_msgs/share/person_msgs/cmake/person_msgs__rosidl_typesupport_cppExport-noconfig.cmake
[21.146s] -- Installing: /home/haru/test2/ros2_ws/install/person_msgs/share/person_msgs/cmake/rosidl_cmake-extras.cmake
[21.147s] -- Installing: /home/haru/test2/ros2_ws/install/person_msgs/share/person_msgs/cmake/ament_cmake_export_dependencies-extras.cmake
[21.147s] -- Installing: /home/haru/test2/ros2_ws/install/person_msgs/share/person_msgs/cmake/ament_cmake_export_libraries-extras.cmake
[21.147s] -- Installing: /home/haru/test2/ros2_ws/install/person_msgs/share/person_msgs/cmake/ament_cmake_export_targets-extras.cmake
[21.147s] -- Installing: /home/haru/test2/ros2_ws/install/person_msgs/share/person_msgs/cmake/ament_cmake_export_include_directories-extras.cmake
[21.147s] -- Installing: /home/haru/test2/ros2_ws/install/person_msgs/share/person_msgs/cmake/rosidl_cmake_export_typesupport_libraries-extras.cmake
[21.147s] -- Installing: /home/haru/test2/ros2_ws/install/person_msgs/share/person_msgs/cmake/rosidl_cmake_export_typesupport_targets-extras.cmake
[21.148s] -- Installing: /home/haru/test2/ros2_ws/install/person_msgs/share/person_msgs/cmake/person_msgsConfig.cmake
[21.148s] -- Installing: /home/haru/test2/ros2_ws/install/person_msgs/share/person_msgs/cmake/person_msgsConfig-version.cmake
[21.148s] -- Installing: /home/haru/test2/ros2_ws/install/person_msgs/share/person_msgs/package.xml
[21.150s] Invoked command in '/home/haru/test2/ros2_ws/build/person_msgs' returned '0': CMAKE_PREFIX_PATH=/home/haru/test2/ros2_ws/install/mypkg:/opt/ros/foxy /usr/bin/cmake --install /home/haru/test2/ros2_ws/build/person_msgs
