[0.217s] Invoking command in '/home/haru/test2/ros2_ws/build/person_msgs': CMAKE_PREFIX_PATH=${CMAKE_PREFIX_PATH}:/home/haru/test2/ros2_ws/install/mypkg:/opt/ros/foxy /usr/bin/cmake --build /home/haru/test2/ros2_ws/build/person_msgs -- -j8 -l8
[0.349s] [  2%] Built target person_msgs__cpp
[0.354s] [ 12%] Built target person_msgs__rosidl_generator_c
[0.379s] [ 33%] Built target person_msgs__rosidl_typesupport_cpp
[0.379s] [ 30%] Built target person_msgs__rosidl_typesupport_introspection_cpp
[0.386s] [ 43%] Built target person_msgs__rosidl_typesupport_c
[0.390s] [ 53%] Built target person_msgs__rosidl_typesupport_introspection_c
[0.399s] [ 64%] Built target person_msgs__rosidl_typesupport_fastrtps_cpp
[0.431s] [ 74%] Built target person_msgs__rosidl_typesupport_fastrtps_c
[0.451s] [ 74%] Built target person_msgs
[0.473s] [ 76%] Built target person_msgs__py
[0.500s] [ 84%] Built target person_msgs__python
[0.532s] [ 92%] Built target person_msgs__rosidl_typesupport_c__pyext
[0.532s] [ 97%] Built target person_msgs__rosidl_typesupport_introspection_c__pyext
[0.532s] [100%] Built target person_msgs__rosidl_typesupport_fastrtps_c__pyext
[0.545s] Invoked command in '/home/haru/test2/ros2_ws/build/person_msgs' returned '0': CMAKE_PREFIX_PATH=${CMAKE_PREFIX_PATH}:/home/haru/test2/ros2_ws/install/mypkg:/opt/ros/foxy /usr/bin/cmake --build /home/haru/test2/ros2_ws/build/person_msgs -- -j8 -l8
[0.623s] Invoking command in '/home/haru/test2/ros2_ws/build/person_msgs': CMAKE_PREFIX_PATH=${CMAKE_PREFIX_PATH}:/home/haru/test2/ros2_ws/install/mypkg:/opt/ros/foxy /usr/bin/cmake --install /home/haru/test2/ros2_ws/build/person_msgs
[0.632s] -- Install configuration: ""
[0.633s] -- Up-to-date: /home/haru/test2/ros2_ws/install/person_msgs/share/ament_index/resource_index/rosidl_interfaces/person_msgs
[0.633s] -- Up-to-date: /home/haru/test2/ros2_ws/install/person_msgs/include/person_msgs
[0.633s] -- Up-to-date: /home/haru/test2/ros2_ws/install/person_msgs/include/person_msgs/srv
[0.634s] -- Up-to-date: /home/haru/test2/ros2_ws/install/person_msgs/include/person_msgs/srv/query.h
[0.634s] -- Up-to-date: /home/haru/test2/ros2_ws/install/person_msgs/include/person_msgs/srv/detail
[0.634s] -- Up-to-date: /home/haru/test2/ros2_ws/install/person_msgs/include/person_msgs/srv/detail/query__struct.h
[0.634s] -- Up-to-date: /home/haru/test2/ros2_ws/install/person_msgs/include/person_msgs/srv/detail/query__type_support.h
[0.634s] -- Up-to-date: /home/haru/test2/ros2_ws/install/person_msgs/include/person_msgs/srv/detail/query__functions.c
[0.634s] -- Up-to-date: /home/haru/test2/ros2_ws/install/person_msgs/include/person_msgs/srv/detail/query__functions.h
[0.634s] -- Up-to-date: /home/haru/test2/ros2_ws/install/person_msgs/include/person_msgs/msg
[0.635s] -- Up-to-date: /home/haru/test2/ros2_ws/install/person_msgs/include/person_msgs/msg/detail
[0.635s] -- Up-to-date: /home/haru/test2/ros2_ws/install/person_msgs/include/person_msgs/msg/detail/person__functions.h
[0.635s] -- Up-to-date: /home/haru/test2/ros2_ws/install/person_msgs/include/person_msgs/msg/detail/person__struct.h
[0.635s] -- Up-to-date: /home/haru/test2/ros2_ws/install/person_msgs/include/person_msgs/msg/detail/person__functions.c
[0.635s] -- Up-to-date: /home/haru/test2/ros2_ws/install/person_msgs/include/person_msgs/msg/detail/person__type_support.h
[0.635s] -- Up-to-date: /home/haru/test2/ros2_ws/install/person_msgs/include/person_msgs/msg/person.h
[0.635s] -- Up-to-date: /home/haru/test2/ros2_ws/install/person_msgs/include/person_msgs/msg/rosidl_generator_c__visibility_control.h
[0.635s] -- Up-to-date: /home/haru/test2/ros2_ws/install/person_msgs/share/person_msgs/environment/library_path.sh
[0.636s] -- Up-to-date: /home/haru/test2/ros2_ws/install/person_msgs/share/person_msgs/environment/library_path.dsv
[0.636s] -- Up-to-date: /home/haru/test2/ros2_ws/install/person_msgs/lib/libperson_msgs__rosidl_generator_c.so
[0.636s] -- Up-to-date: /home/haru/test2/ros2_ws/install/person_msgs/include/person_msgs
[0.636s] -- Up-to-date: /home/haru/test2/ros2_ws/install/person_msgs/include/person_msgs/srv
[0.636s] -- Up-to-date: /home/haru/test2/ros2_ws/install/person_msgs/include/person_msgs/srv/detail
[0.636s] -- Up-to-date: /home/haru/test2/ros2_ws/install/person_msgs/include/person_msgs/srv/detail/query__rosidl_typesupport_fastrtps_c.h
[0.637s] -- Up-to-date: /home/haru/test2/ros2_ws/install/person_msgs/include/person_msgs/msg
[0.637s] -- Up-to-date: /home/haru/test2/ros2_ws/install/person_msgs/include/person_msgs/msg/detail
[0.637s] -- Up-to-date: /home/haru/test2/ros2_ws/install/person_msgs/include/person_msgs/msg/detail/person__rosidl_typesupport_fastrtps_c.h
[0.637s] -- Up-to-date: /home/haru/test2/ros2_ws/install/person_msgs/include/person_msgs/msg/rosidl_typesupport_fastrtps_c__visibility_control.h
[0.637s] -- Up-to-date: /home/haru/test2/ros2_ws/install/person_msgs/lib/libperson_msgs__rosidl_typesupport_fastrtps_c.so
[0.638s] -- Up-to-date: /home/haru/test2/ros2_ws/install/person_msgs/include/person_msgs
[0.638s] -- Up-to-date: /home/haru/test2/ros2_ws/install/person_msgs/include/person_msgs/srv
[0.638s] -- Up-to-date: /home/haru/test2/ros2_ws/install/person_msgs/include/person_msgs/srv/detail
[0.639s] -- Up-to-date: /home/haru/test2/ros2_ws/install/person_msgs/include/person_msgs/srv/detail/dds_fastrtps
[0.639s] -- Up-to-date: /home/haru/test2/ros2_ws/install/person_msgs/include/person_msgs/srv/detail/query__rosidl_typesupport_fastrtps_cpp.hpp
[0.639s] -- Up-to-date: /home/haru/test2/ros2_ws/install/person_msgs/include/person_msgs/msg
[0.639s] -- Up-to-date: /home/haru/test2/ros2_ws/install/person_msgs/include/person_msgs/msg/detail
[0.639s] -- Up-to-date: /home/haru/test2/ros2_ws/install/person_msgs/include/person_msgs/msg/detail/dds_fastrtps
[0.639s] -- Up-to-date: /home/haru/test2/ros2_ws/install/person_msgs/include/person_msgs/msg/detail/person__rosidl_typesupport_fastrtps_cpp.hpp
[0.639s] -- Up-to-date: /home/haru/test2/ros2_ws/install/person_msgs/include/person_msgs/msg/rosidl_typesupport_fastrtps_cpp__visibility_control.h
[0.639s] -- Up-to-date: /home/haru/test2/ros2_ws/install/person_msgs/lib/libperson_msgs__rosidl_typesupport_fastrtps_cpp.so
[0.640s] -- Up-to-date: /home/haru/test2/ros2_ws/install/person_msgs/include/person_msgs
[0.640s] -- Up-to-date: /home/haru/test2/ros2_ws/install/person_msgs/include/person_msgs/srv
[0.640s] -- Up-to-date: /home/haru/test2/ros2_ws/install/person_msgs/include/person_msgs/srv/detail
[0.641s] -- Up-to-date: /home/haru/test2/ros2_ws/install/person_msgs/include/person_msgs/srv/detail/query__type_support.c
[0.641s] -- Up-to-date: /home/haru/test2/ros2_ws/install/person_msgs/include/person_msgs/srv/detail/query__rosidl_typesupport_introspection_c.h
[0.641s] -- Up-to-date: /home/haru/test2/ros2_ws/install/person_msgs/include/person_msgs/msg
[0.641s] -- Up-to-date: /home/haru/test2/ros2_ws/install/person_msgs/include/person_msgs/msg/rosidl_typesupport_introspection_c__visibility_control.h
[0.641s] -- Up-to-date: /home/haru/test2/ros2_ws/install/person_msgs/include/person_msgs/msg/detail
[0.641s] -- Up-to-date: /home/haru/test2/ros2_ws/install/person_msgs/include/person_msgs/msg/detail/person__rosidl_typesupport_introspection_c.h
[0.642s] -- Up-to-date: /home/haru/test2/ros2_ws/install/person_msgs/include/person_msgs/msg/detail/person__type_support.c
[0.642s] -- Up-to-date: /home/haru/test2/ros2_ws/install/person_msgs/lib/libperson_msgs__rosidl_typesupport_introspection_c.so
[0.642s] -- Up-to-date: /home/haru/test2/ros2_ws/install/person_msgs/lib/libperson_msgs__rosidl_typesupport_c.so
[0.642s] -- Up-to-date: /home/haru/test2/ros2_ws/install/person_msgs/include/person_msgs
[0.642s] -- Up-to-date: /home/haru/test2/ros2_ws/install/person_msgs/include/person_msgs/srv
[0.643s] -- Up-to-date: /home/haru/test2/ros2_ws/install/person_msgs/include/person_msgs/srv/query.hpp
[0.643s] -- Up-to-date: /home/haru/test2/ros2_ws/install/person_msgs/include/person_msgs/srv/detail
[0.643s] -- Up-to-date: /home/haru/test2/ros2_ws/install/person_msgs/include/person_msgs/srv/detail/query__struct.hpp
[0.643s] -- Up-to-date: /home/haru/test2/ros2_ws/install/person_msgs/include/person_msgs/srv/detail/query__traits.hpp
[0.644s] -- Up-to-date: /home/haru/test2/ros2_ws/install/person_msgs/include/person_msgs/srv/detail/query__builder.hpp
[0.644s] -- Up-to-date: /home/haru/test2/ros2_ws/install/person_msgs/include/person_msgs/srv/detail/query__type_support.hpp
[0.644s] -- Up-to-date: /home/haru/test2/ros2_ws/install/person_msgs/include/person_msgs/msg
[0.644s] -- Up-to-date: /home/haru/test2/ros2_ws/install/person_msgs/include/person_msgs/msg/rosidl_generator_cpp__visibility_control.hpp
[0.644s] -- Up-to-date: /home/haru/test2/ros2_ws/install/person_msgs/include/person_msgs/msg/detail
[0.644s] -- Up-to-date: /home/haru/test2/ros2_ws/install/person_msgs/include/person_msgs/msg/detail/person__builder.hpp
[0.645s] -- Up-to-date: /home/haru/test2/ros2_ws/install/person_msgs/include/person_msgs/msg/detail/person__type_support.hpp
[0.645s] -- Up-to-date: /home/haru/test2/ros2_ws/install/person_msgs/include/person_msgs/msg/detail/person__traits.hpp
[0.645s] -- Up-to-date: /home/haru/test2/ros2_ws/install/person_msgs/include/person_msgs/msg/detail/person__struct.hpp
[0.645s] -- Up-to-date: /home/haru/test2/ros2_ws/install/person_msgs/include/person_msgs/msg/person.hpp
[0.645s] -- Up-to-date: /home/haru/test2/ros2_ws/install/person_msgs/include/person_msgs
[0.645s] -- Up-to-date: /home/haru/test2/ros2_ws/install/person_msgs/include/person_msgs/srv
[0.646s] -- Up-to-date: /home/haru/test2/ros2_ws/install/person_msgs/include/person_msgs/srv/detail
[0.646s] -- Up-to-date: /home/haru/test2/ros2_ws/install/person_msgs/include/person_msgs/srv/detail/query__type_support.cpp
[0.646s] -- Up-to-date: /home/haru/test2/ros2_ws/install/person_msgs/include/person_msgs/srv/detail/query__rosidl_typesupport_introspection_cpp.hpp
[0.646s] -- Up-to-date: /home/haru/test2/ros2_ws/install/person_msgs/include/person_msgs/msg
[0.646s] -- Up-to-date: /home/haru/test2/ros2_ws/install/person_msgs/include/person_msgs/msg/detail
[0.646s] -- Up-to-date: /home/haru/test2/ros2_ws/install/person_msgs/include/person_msgs/msg/detail/person__rosidl_typesupport_introspection_cpp.hpp
[0.647s] -- Up-to-date: /home/haru/test2/ros2_ws/install/person_msgs/include/person_msgs/msg/detail/person__type_support.cpp
[0.647s] -- Up-to-date: /home/haru/test2/ros2_ws/install/person_msgs/lib/libperson_msgs__rosidl_typesupport_introspection_cpp.so
[0.647s] -- Up-to-date: /home/haru/test2/ros2_ws/install/person_msgs/lib/libperson_msgs__rosidl_typesupport_cpp.so
[0.647s] -- Up-to-date: /home/haru/test2/ros2_ws/install/person_msgs/share/person_msgs/environment/pythonpath.sh
[0.647s] -- Up-to-date: /home/haru/test2/ros2_ws/install/person_msgs/share/person_msgs/environment/pythonpath.dsv
[0.647s] -- Up-to-date: /home/haru/test2/ros2_ws/install/person_msgs/lib/python3.8/site-packages/person_msgs/__init__.py
[0.684s] -- Up-to-date: /home/haru/test2/ros2_ws/install/person_msgs/lib/python3.8/site-packages/person_msgs/msg
[0.685s] -- Up-to-date: /home/haru/test2/ros2_ws/install/person_msgs/lib/python3.8/site-packages/person_msgs/msg/_person.py
[0.685s] -- Up-to-date: /home/haru/test2/ros2_ws/install/person_msgs/lib/python3.8/site-packages/person_msgs/msg/_person_s.c
[0.685s] -- Up-to-date: /home/haru/test2/ros2_ws/install/person_msgs/lib/python3.8/site-packages/person_msgs/msg/__init__.py
[0.685s] -- Up-to-date: /home/haru/test2/ros2_ws/install/person_msgs/lib/python3.8/site-packages/person_msgs/srv
[0.685s] -- Up-to-date: /home/haru/test2/ros2_ws/install/person_msgs/lib/python3.8/site-packages/person_msgs/srv/_query.py
[0.686s] -- Up-to-date: /home/haru/test2/ros2_ws/install/person_msgs/lib/python3.8/site-packages/person_msgs/srv/_query_s.c
[0.686s] -- Up-to-date: /home/haru/test2/ros2_ws/install/person_msgs/lib/python3.8/site-packages/person_msgs/srv/__init__.py
[0.686s] -- Up-to-date: /home/haru/test2/ros2_ws/install/person_msgs/lib/python3.8/site-packages/person_msgs/person_msgs_s__rosidl_typesupport_fastrtps_c.cpython-38-x86_64-linux-gnu.so
[0.687s] -- Up-to-date: /home/haru/test2/ros2_ws/install/person_msgs/lib/python3.8/site-packages/person_msgs/person_msgs_s__rosidl_typesupport_introspection_c.cpython-38-x86_64-linux-gnu.so
[0.687s] -- Up-to-date: /home/haru/test2/ros2_ws/install/person_msgs/lib/python3.8/site-packages/person_msgs/person_msgs_s__rosidl_typesupport_c.cpython-38-x86_64-linux-gnu.so
[0.688s] -- Up-to-date: /home/haru/test2/ros2_ws/install/person_msgs/lib/libperson_msgs__python.so
[0.688s] -- Up-to-date: /home/haru/test2/ros2_ws/install/person_msgs/share/person_msgs/msg/Person.idl
[0.689s] -- Up-to-date: /home/haru/test2/ros2_ws/install/person_msgs/share/person_msgs/srv/Query.idl
[0.689s] -- Up-to-date: /home/haru/test2/ros2_ws/install/person_msgs/share/person_msgs/msg/Person.msg
[0.689s] -- Up-to-date: /home/haru/test2/ros2_ws/install/person_msgs/share/person_msgs/srv/Query.srv
[0.689s] -- Up-to-date: /home/haru/test2/ros2_ws/install/person_msgs/share/person_msgs/srv/Query_Request.msg
[0.689s] -- Up-to-date: /home/haru/test2/ros2_ws/install/person_msgs/share/person_msgs/srv/Query_Response.msg
[0.690s] -- Up-to-date: /home/haru/test2/ros2_ws/install/person_msgs/share/ament_index/resource_index/package_run_dependencies/person_msgs
[0.690s] -- Up-to-date: /home/haru/test2/ros2_ws/install/person_msgs/share/ament_index/resource_index/parent_prefix_path/person_msgs
[0.690s] -- Up-to-date: /home/haru/test2/ros2_ws/install/person_msgs/share/person_msgs/environment/ament_prefix_path.sh
[0.690s] -- Up-to-date: /home/haru/test2/ros2_ws/install/person_msgs/share/person_msgs/environment/ament_prefix_path.dsv
[0.690s] -- Up-to-date: /home/haru/test2/ros2_ws/install/person_msgs/share/person_msgs/environment/path.sh
[0.690s] -- Up-to-date: /home/haru/test2/ros2_ws/install/person_msgs/share/person_msgs/environment/path.dsv
[0.690s] -- Up-to-date: /home/haru/test2/ros2_ws/install/person_msgs/share/person_msgs/local_setup.bash
[0.691s] -- Up-to-date: /home/haru/test2/ros2_ws/install/person_msgs/share/person_msgs/local_setup.sh
[0.691s] -- Up-to-date: /home/haru/test2/ros2_ws/install/person_msgs/share/person_msgs/local_setup.zsh
[0.691s] -- Up-to-date: /home/haru/test2/ros2_ws/install/person_msgs/share/person_msgs/local_setup.dsv
[0.691s] -- Installing: /home/haru/test2/ros2_ws/install/person_msgs/share/person_msgs/package.dsv
[0.691s] -- Up-to-date: /home/haru/test2/ros2_ws/install/person_msgs/share/ament_index/resource_index/packages/person_msgs
[0.691s] -- Up-to-date: /home/haru/test2/ros2_ws/install/person_msgs/share/person_msgs/cmake/person_msgs__rosidl_generator_cExport.cmake
[0.691s] -- Up-to-date: /home/haru/test2/ros2_ws/install/person_msgs/share/person_msgs/cmake/person_msgs__rosidl_generator_cExport-noconfig.cmake
[0.691s] -- Up-to-date: /home/haru/test2/ros2_ws/install/person_msgs/share/person_msgs/cmake/person_msgs__rosidl_typesupport_introspection_cExport.cmake
[0.691s] -- Up-to-date: /home/haru/test2/ros2_ws/install/person_msgs/share/person_msgs/cmake/person_msgs__rosidl_typesupport_introspection_cExport-noconfig.cmake
[0.692s] -- Up-to-date: /home/haru/test2/ros2_ws/install/person_msgs/share/person_msgs/cmake/person_msgs__rosidl_typesupport_cExport.cmake
[0.692s] -- Up-to-date: /home/haru/test2/ros2_ws/install/person_msgs/share/person_msgs/cmake/person_msgs__rosidl_typesupport_cExport-noconfig.cmake
[0.692s] -- Up-to-date: /home/haru/test2/ros2_ws/install/person_msgs/share/person_msgs/cmake/person_msgs__rosidl_generator_cppExport.cmake
[0.693s] -- Up-to-date: /home/haru/test2/ros2_ws/install/person_msgs/share/person_msgs/cmake/person_msgs__rosidl_typesupport_introspection_cppExport.cmake
[0.693s] -- Up-to-date: /home/haru/test2/ros2_ws/install/person_msgs/share/person_msgs/cmake/person_msgs__rosidl_typesupport_introspection_cppExport-noconfig.cmake
[0.694s] -- Up-to-date: /home/haru/test2/ros2_ws/install/person_msgs/share/person_msgs/cmake/person_msgs__rosidl_typesupport_cppExport.cmake
[0.694s] -- Up-to-date: /home/haru/test2/ros2_ws/install/person_msgs/share/person_msgs/cmake/person_msgs__rosidl_typesupport_cppExport-noconfig.cmake
[0.694s] -- Up-to-date: /home/haru/test2/ros2_ws/install/person_msgs/share/person_msgs/cmake/rosidl_cmake-extras.cmake
[0.694s] -- Up-to-date: /home/haru/test2/ros2_ws/install/person_msgs/share/person_msgs/cmake/ament_cmake_export_dependencies-extras.cmake
[0.694s] -- Up-to-date: /home/haru/test2/ros2_ws/install/person_msgs/share/person_msgs/cmake/ament_cmake_export_libraries-extras.cmake
[0.695s] -- Up-to-date: /home/haru/test2/ros2_ws/install/person_msgs/share/person_msgs/cmake/ament_cmake_export_targets-extras.cmake
[0.695s] -- Up-to-date: /home/haru/test2/ros2_ws/install/person_msgs/share/person_msgs/cmake/ament_cmake_export_include_directories-extras.cmake
[0.695s] -- Up-to-date: /home/haru/test2/ros2_ws/install/person_msgs/share/person_msgs/cmake/rosidl_cmake_export_typesupport_libraries-extras.cmake
[0.695s] -- Up-to-date: /home/haru/test2/ros2_ws/install/person_msgs/share/person_msgs/cmake/rosidl_cmake_export_typesupport_targets-extras.cmake
[0.695s] -- Up-to-date: /home/haru/test2/ros2_ws/install/person_msgs/share/person_msgs/cmake/person_msgsConfig.cmake
[0.695s] -- Up-to-date: /home/haru/test2/ros2_ws/install/person_msgs/share/person_msgs/cmake/person_msgsConfig-version.cmake
[0.695s] -- Up-to-date: /home/haru/test2/ros2_ws/install/person_msgs/share/person_msgs/package.xml
[0.697s] Invoked command in '/home/haru/test2/ros2_ws/build/person_msgs' returned '0': CMAKE_PREFIX_PATH=${CMAKE_PREFIX_PATH}:/home/haru/test2/ros2_ws/install/mypkg:/opt/ros/foxy /usr/bin/cmake --install /home/haru/test2/ros2_ws/build/person_msgs
