[0.841s] Invoking command in '/home/haru/test2/ros2_ws/src/mypkg': PYTHONPATH=/home/haru/test2/ros2_ws/build/mypkg/prefix_override:/usr/lib/python3/dist-packages/colcon_core/task/python/colcon_distutils_commands:/home/haru/test2/ros2_ws/install/mypkg/lib/python3.8/site-packages:${PYTHONPATH} /usr/bin/python3 -W ignore:setup.py install is deprecated setup.py egg_info --egg-base ../../build/mypkg build --build-base /home/haru/test2/ros2_ws/build/mypkg/build install --record /home/haru/test2/ros2_ws/build/mypkg/install.log --install-scripts $base/lib/mypkg --single-version-externally-managed install_data
[1.078s] running egg_info
[1.079s] writing ../../build/mypkg/mypkg.egg-info/PKG-INFO
[1.080s] writing dependency_links to ../../build/mypkg/mypkg.egg-info/dependency_links.txt
[1.080s] writing entry points to ../../build/mypkg/mypkg.egg-info/entry_points.txt
[1.081s] writing requirements to ../../build/mypkg/mypkg.egg-info/requires.txt
[1.081s] writing top-level names to ../../build/mypkg/mypkg.egg-info/top_level.txt
[1.123s] reading manifest file '../../build/mypkg/mypkg.egg-info/SOURCES.txt'
[1.125s] writing manifest file '../../build/mypkg/mypkg.egg-info/SOURCES.txt'
[1.126s] running build
[1.126s] running build_py
[1.127s] copying mypkg/talker.py -> /home/haru/test2/ros2_ws/build/mypkg/build/lib/mypkg
[1.127s] running install
[1.129s] running install_lib
[1.130s] copying /home/haru/test2/ros2_ws/build/mypkg/build/lib/mypkg/talker.py -> /home/haru/test2/ros2_ws/install/mypkg/lib/python3.8/site-packages/mypkg
[1.131s] byte-compiling /home/haru/test2/ros2_ws/install/mypkg/lib/python3.8/site-packages/mypkg/talker.py to talker.cpython-38.pyc
[1.133s]   File "/home/haru/test2/ros2_ws/install/mypkg/lib/python3.8/site-packages/mypkg/talker.py", line 15
[1.133s]     n = += 1
[1.133s]         ^
[1.133s] SyntaxError: invalid syntax
[1.133s] 
[1.133s] running install_data
[1.134s] copying package.xml -> /home/haru/test2/ros2_ws/install/mypkg/share/mypkg
[1.134s] running install_egg_info
[1.136s] removing '/home/haru/test2/ros2_ws/install/mypkg/lib/python3.8/site-packages/mypkg-0.0.0-py3.8.egg-info' (and everything under it)
[1.136s] Copying ../../build/mypkg/mypkg.egg-info to /home/haru/test2/ros2_ws/install/mypkg/lib/python3.8/site-packages/mypkg-0.0.0-py3.8.egg-info
[1.138s] running install_scripts
[1.165s] Installing talker script to /home/haru/test2/ros2_ws/install/mypkg/lib/mypkg
[1.165s] writing list of installed files to '/home/haru/test2/ros2_ws/build/mypkg/install.log'
[1.193s] Invoked command in '/home/haru/test2/ros2_ws/src/mypkg' returned '0': PYTHONPATH=/home/haru/test2/ros2_ws/build/mypkg/prefix_override:/usr/lib/python3/dist-packages/colcon_core/task/python/colcon_distutils_commands:/home/haru/test2/ros2_ws/install/mypkg/lib/python3.8/site-packages:${PYTHONPATH} /usr/bin/python3 -W ignore:setup.py install is deprecated setup.py egg_info --egg-base ../../build/mypkg build --build-base /home/haru/test2/ros2_ws/build/mypkg/build install --record /home/haru/test2/ros2_ws/build/mypkg/install.log --install-scripts $base/lib/mypkg --single-version-externally-managed install_data
