[0.688s] Invoking command in '/home/haru/test2/ros2_ws/src/mypkg': PYTHONPATH=/home/haru/test2/ros2_ws/build/mypkg/prefix_override:/usr/lib/python3/dist-packages/colcon_core/task/python/colcon_distutils_commands:/home/haru/test2/ros2_ws/install/mypkg/lib/python3.8/site-packages:${PYTHONPATH} /usr/bin/python3 -W ignore:setup.py install is deprecated setup.py egg_info --egg-base ../../build/mypkg build --build-base /home/haru/test2/ros2_ws/build/mypkg/build install --record /home/haru/test2/ros2_ws/build/mypkg/install.log --install-scripts $base/lib/mypkg --single-version-externally-managed install_data
[0.860s] running egg_info
[0.860s] writing ../../build/mypkg/mypkg.egg-info/PKG-INFO
[0.862s] writing dependency_links to ../../build/mypkg/mypkg.egg-info/dependency_links.txt
[0.862s] writing entry points to ../../build/mypkg/mypkg.egg-info/entry_points.txt
[0.862s] writing requirements to ../../build/mypkg/mypkg.egg-info/requires.txt
[0.862s] writing top-level names to ../../build/mypkg/mypkg.egg-info/top_level.txt
[0.907s] reading manifest file '../../build/mypkg/mypkg.egg-info/SOURCES.txt'
[0.908s] writing manifest file '../../build/mypkg/mypkg.egg-info/SOURCES.txt'
[0.908s] running build
[0.908s] running build_py
[0.908s] running install
[0.909s] running install_lib
[0.911s] running install_data
[0.912s] copying launch/talk_listen.launch.py -> /home/haru/test2/ros2_ws/install/mypkg/share/mypkg
[0.912s] running install_egg_info
[0.913s] removing '/home/haru/test2/ros2_ws/install/mypkg/lib/python3.8/site-packages/mypkg-0.0.0-py3.8.egg-info' (and everything under it)
[0.913s] Copying ../../build/mypkg/mypkg.egg-info to /home/haru/test2/ros2_ws/install/mypkg/lib/python3.8/site-packages/mypkg-0.0.0-py3.8.egg-info
[0.915s] running install_scripts
[0.934s] Installing listener script to /home/haru/test2/ros2_ws/install/mypkg/lib/mypkg
[0.934s] Installing talker script to /home/haru/test2/ros2_ws/install/mypkg/lib/mypkg
[0.935s] writing list of installed files to '/home/haru/test2/ros2_ws/build/mypkg/install.log'
[0.952s] Invoked command in '/home/haru/test2/ros2_ws/src/mypkg' returned '0': PYTHONPATH=/home/haru/test2/ros2_ws/build/mypkg/prefix_override:/usr/lib/python3/dist-packages/colcon_core/task/python/colcon_distutils_commands:/home/haru/test2/ros2_ws/install/mypkg/lib/python3.8/site-packages:${PYTHONPATH} /usr/bin/python3 -W ignore:setup.py install is deprecated setup.py egg_info --egg-base ../../build/mypkg build --build-base /home/haru/test2/ros2_ws/build/mypkg/build install --record /home/haru/test2/ros2_ws/build/mypkg/install.log --install-scripts $base/lib/mypkg --single-version-externally-managed install_data
