[0.685s] Invoking command in '/home/haru/test2/ros2_ws/src/mypkg': PYTHONPATH=/home/haru/test2/ros2_ws/build/mypkg/prefix_override:/usr/lib/python3/dist-packages/colcon_core/task/python/colcon_distutils_commands:/home/haru/test2/ros2_ws/install/mypkg/lib/python3.8/site-packages:${PYTHONPATH} /usr/bin/python3 -W ignore:setup.py install is deprecated setup.py egg_info --egg-base ../../build/mypkg build --build-base /home/haru/test2/ros2_ws/build/mypkg/build install --record /home/haru/test2/ros2_ws/build/mypkg/install.log --install-scripts $base/lib/mypkg --single-version-externally-managed install_data
[0.868s] running egg_info
[0.869s] writing ../../build/mypkg/mypkg.egg-info/PKG-INFO
[0.879s] writing dependency_links to ../../build/mypkg/mypkg.egg-info/dependency_links.txt
[0.879s] writing entry points to ../../build/mypkg/mypkg.egg-info/entry_points.txt
[0.879s] writing requirements to ../../build/mypkg/mypkg.egg-info/requires.txt
[0.879s] writing top-level names to ../../build/mypkg/mypkg.egg-info/top_level.txt
[0.916s] reading manifest file '../../build/mypkg/mypkg.egg-info/SOURCES.txt'
[0.917s] writing manifest file '../../build/mypkg/mypkg.egg-info/SOURCES.txt'
[0.917s] running build
[0.918s] running build_py
[0.919s] copying mypkg/talker.py -> /home/haru/test2/ros2_ws/build/mypkg/build/lib/mypkg
[0.920s] copying mypkg/__init__.py -> /home/haru/test2/ros2_ws/build/mypkg/build/lib/mypkg
[0.920s] copying mypkg/listener.py -> /home/haru/test2/ros2_ws/build/mypkg/build/lib/mypkg
[0.920s] running install
[0.921s] running install_lib
[0.923s] copying /home/haru/test2/ros2_ws/build/mypkg/build/lib/mypkg/talker.py -> /home/haru/test2/ros2_ws/install/mypkg/lib/python3.8/site-packages/mypkg
[0.923s] copying /home/haru/test2/ros2_ws/build/mypkg/build/lib/mypkg/__init__.py -> /home/haru/test2/ros2_ws/install/mypkg/lib/python3.8/site-packages/mypkg
[0.923s] copying /home/haru/test2/ros2_ws/build/mypkg/build/lib/mypkg/listener.py -> /home/haru/test2/ros2_ws/install/mypkg/lib/python3.8/site-packages/mypkg
[0.923s] byte-compiling /home/haru/test2/ros2_ws/install/mypkg/lib/python3.8/site-packages/mypkg/talker.py to talker.cpython-38.pyc
[0.925s] byte-compiling /home/haru/test2/ros2_ws/install/mypkg/lib/python3.8/site-packages/mypkg/__init__.py to __init__.cpython-38.pyc
[0.925s] byte-compiling /home/haru/test2/ros2_ws/install/mypkg/lib/python3.8/site-packages/mypkg/listener.py to listener.cpython-38.pyc
[0.925s] running install_data
[0.926s] copying resource/mypkg -> /home/haru/test2/ros2_ws/install/mypkg/share/ament_index/resource_index/packages
[0.926s] copying package.xml -> /home/haru/test2/ros2_ws/install/mypkg/share/mypkg
[0.926s] copying launch/talk_listen.launch.py -> /home/haru/test2/ros2_ws/install/mypkg/share/mypkg
[0.926s] running install_egg_info
[0.928s] removing '/home/haru/test2/ros2_ws/install/mypkg/lib/python3.8/site-packages/mypkg-0.0.0-py3.8.egg-info' (and everything under it)
[0.928s] Copying ../../build/mypkg/mypkg.egg-info to /home/haru/test2/ros2_ws/install/mypkg/lib/python3.8/site-packages/mypkg-0.0.0-py3.8.egg-info
[0.930s] running install_scripts
[0.946s] Installing listener script to /home/haru/test2/ros2_ws/install/mypkg/lib/mypkg
[0.947s] Installing talker script to /home/haru/test2/ros2_ws/install/mypkg/lib/mypkg
[0.947s] writing list of installed files to '/home/haru/test2/ros2_ws/build/mypkg/install.log'
[0.966s] Invoked command in '/home/haru/test2/ros2_ws/src/mypkg' returned '0': PYTHONPATH=/home/haru/test2/ros2_ws/build/mypkg/prefix_override:/usr/lib/python3/dist-packages/colcon_core/task/python/colcon_distutils_commands:/home/haru/test2/ros2_ws/install/mypkg/lib/python3.8/site-packages:${PYTHONPATH} /usr/bin/python3 -W ignore:setup.py install is deprecated setup.py egg_info --egg-base ../../build/mypkg build --build-base /home/haru/test2/ros2_ws/build/mypkg/build install --record /home/haru/test2/ros2_ws/build/mypkg/install.log --install-scripts $base/lib/mypkg --single-version-externally-managed install_data
