[0.788s] Invoking command in '/home/haru/test2/ros2_ws/src/mypkg': PYTHONPATH=/home/haru/test2/ros2_ws/build/mypkg/prefix_override:/usr/lib/python3/dist-packages/colcon_core/task/python/colcon_distutils_commands:/home/haru/test2/ros2_ws/install/mypkg/lib/python3.8/site-packages:${PYTHONPATH} /usr/bin/python3 -W ignore:setup.py install is deprecated setup.py egg_info --egg-base ../../build/mypkg build --build-base /home/haru/test2/ros2_ws/build/mypkg/build install --record /home/haru/test2/ros2_ws/build/mypkg/install.log --install-scripts $base/lib/mypkg --single-version-externally-managed install_data
[1.012s] running egg_info
[1.013s] writing ../../build/mypkg/mypkg.egg-info/PKG-INFO
[1.013s] writing dependency_links to ../../build/mypkg/mypkg.egg-info/dependency_links.txt
[1.013s] writing entry points to ../../build/mypkg/mypkg.egg-info/entry_points.txt
[1.014s] writing requirements to ../../build/mypkg/mypkg.egg-info/requires.txt
[1.014s] writing top-level names to ../../build/mypkg/mypkg.egg-info/top_level.txt
[1.047s] reading manifest file '../../build/mypkg/mypkg.egg-info/SOURCES.txt'
[1.049s] writing manifest file '../../build/mypkg/mypkg.egg-info/SOURCES.txt'
[1.049s] running build
[1.049s] running build_py
[1.050s] copying mypkg/talker.py -> /home/haru/test2/ros2_ws/build/mypkg/build/lib/mypkg
[1.050s] copying mypkg/listener.py -> /home/haru/test2/ros2_ws/build/mypkg/build/lib/mypkg
[1.050s] running install
[1.051s] running install_lib
[1.052s] copying /home/haru/test2/ros2_ws/build/mypkg/build/lib/mypkg/talker.py -> /home/haru/test2/ros2_ws/install/mypkg/lib/python3.8/site-packages/mypkg
[1.052s] copying /home/haru/test2/ros2_ws/build/mypkg/build/lib/mypkg/listener.py -> /home/haru/test2/ros2_ws/install/mypkg/lib/python3.8/site-packages/mypkg
[1.053s] byte-compiling /home/haru/test2/ros2_ws/install/mypkg/lib/python3.8/site-packages/mypkg/talker.py to talker.cpython-38.pyc
[1.054s] byte-compiling /home/haru/test2/ros2_ws/install/mypkg/lib/python3.8/site-packages/mypkg/listener.py to listener.cpython-38.pyc
[1.055s] running install_data
[1.055s] running install_egg_info
[1.057s] removing '/home/haru/test2/ros2_ws/install/mypkg/lib/python3.8/site-packages/mypkg-0.0.0-py3.8.egg-info' (and everything under it)
[1.058s] Copying ../../build/mypkg/mypkg.egg-info to /home/haru/test2/ros2_ws/install/mypkg/lib/python3.8/site-packages/mypkg-0.0.0-py3.8.egg-info
[1.060s] running install_scripts
[1.075s] Installing listener script to /home/haru/test2/ros2_ws/install/mypkg/lib/mypkg
[1.075s] Installing talker script to /home/haru/test2/ros2_ws/install/mypkg/lib/mypkg
[1.075s] writing list of installed files to '/home/haru/test2/ros2_ws/build/mypkg/install.log'
[1.094s] Invoked command in '/home/haru/test2/ros2_ws/src/mypkg' returned '0': PYTHONPATH=/home/haru/test2/ros2_ws/build/mypkg/prefix_override:/usr/lib/python3/dist-packages/colcon_core/task/python/colcon_distutils_commands:/home/haru/test2/ros2_ws/install/mypkg/lib/python3.8/site-packages:${PYTHONPATH} /usr/bin/python3 -W ignore:setup.py install is deprecated setup.py egg_info --egg-base ../../build/mypkg build --build-base /home/haru/test2/ros2_ws/build/mypkg/build install --record /home/haru/test2/ros2_ws/build/mypkg/install.log --install-scripts $base/lib/mypkg --single-version-externally-managed install_data
