[0.747s] Invoking command in '/home/haru/test2/ros2_ws/src/mypkg': PYTHONPATH=/home/haru/test2/ros2_ws/build/mypkg/prefix_override:/usr/lib/python3/dist-packages/colcon_core/task/python/colcon_distutils_commands:/home/haru/test2/ros2_ws/install/mypkg/lib/python3.8/site-packages:${PYTHONPATH} /usr/bin/python3 -W ignore:setup.py install is deprecated setup.py egg_info --egg-base ../../build/mypkg build --build-base /home/haru/test2/ros2_ws/build/mypkg/build install --record /home/haru/test2/ros2_ws/build/mypkg/install.log --install-scripts $base/lib/mypkg --single-version-externally-managed install_data
[0.939s] running egg_info
[0.939s] writing ../../build/mypkg/mypkg.egg-info/PKG-INFO
[0.940s] writing dependency_links to ../../build/mypkg/mypkg.egg-info/dependency_links.txt
[0.941s] writing entry points to ../../build/mypkg/mypkg.egg-info/entry_points.txt
[0.941s] writing requirements to ../../build/mypkg/mypkg.egg-info/requires.txt
[0.941s] writing top-level names to ../../build/mypkg/mypkg.egg-info/top_level.txt
[0.983s] reading manifest file '../../build/mypkg/mypkg.egg-info/SOURCES.txt'
[0.985s] writing manifest file '../../build/mypkg/mypkg.egg-info/SOURCES.txt'
[0.985s] running build
[0.985s] running build_py
[0.985s] copying mypkg/listener.py -> /home/haru/test2/ros2_ws/build/mypkg/build/lib/mypkg
[0.985s] running install
[0.986s] running install_lib
[0.988s] copying /home/haru/test2/ros2_ws/build/mypkg/build/lib/mypkg/listener.py -> /home/haru/test2/ros2_ws/install/mypkg/lib/python3.8/site-packages/mypkg
[0.988s] byte-compiling /home/haru/test2/ros2_ws/install/mypkg/lib/python3.8/site-packages/mypkg/listener.py to listener.cpython-38.pyc
[0.989s] running install_data
[0.989s] running install_egg_info
[0.991s] removing '/home/haru/test2/ros2_ws/install/mypkg/lib/python3.8/site-packages/mypkg-0.0.0-py3.8.egg-info' (and everything under it)
[0.991s] Copying ../../build/mypkg/mypkg.egg-info to /home/haru/test2/ros2_ws/install/mypkg/lib/python3.8/site-packages/mypkg-0.0.0-py3.8.egg-info
[0.993s] running install_scripts
[1.009s] Installing listener script to /home/haru/test2/ros2_ws/install/mypkg/lib/mypkg
[1.009s] Installing talker script to /home/haru/test2/ros2_ws/install/mypkg/lib/mypkg
[1.009s] writing list of installed files to '/home/haru/test2/ros2_ws/build/mypkg/install.log'
[1.029s] Invoked command in '/home/haru/test2/ros2_ws/src/mypkg' returned '0': PYTHONPATH=/home/haru/test2/ros2_ws/build/mypkg/prefix_override:/usr/lib/python3/dist-packages/colcon_core/task/python/colcon_distutils_commands:/home/haru/test2/ros2_ws/install/mypkg/lib/python3.8/site-packages:${PYTHONPATH} /usr/bin/python3 -W ignore:setup.py install is deprecated setup.py egg_info --egg-base ../../build/mypkg build --build-base /home/haru/test2/ros2_ws/build/mypkg/build install --record /home/haru/test2/ros2_ws/build/mypkg/install.log --install-scripts $base/lib/mypkg --single-version-externally-managed install_data
