[0.533s] Invoking command in '/home/haru/test2/ros2_ws/src/mypkg': PYTHONPATH=/home/haru/test2/ros2_ws/build/mypkg/prefix_override:/usr/lib/python3/dist-packages/colcon_core/task/python/colcon_distutils_commands:/home/haru/test2/ros2_ws/install/mypkg/lib/python3.8/site-packages:${PYTHONPATH} /usr/bin/python3 -W ignore:setup.py install is deprecated setup.py egg_info --egg-base ../../build/mypkg build --build-base /home/haru/test2/ros2_ws/build/mypkg/build install --record /home/haru/test2/ros2_ws/build/mypkg/install.log --install-scripts $base/lib/mypkg --single-version-externally-managed install_data
[0.697s] running egg_info
[0.698s] writing ../../build/mypkg/mypkg.egg-info/PKG-INFO
[0.699s] writing dependency_links to ../../build/mypkg/mypkg.egg-info/dependency_links.txt
[0.699s] writing entry points to ../../build/mypkg/mypkg.egg-info/entry_points.txt
[0.699s] writing requirements to ../../build/mypkg/mypkg.egg-info/requires.txt
[0.699s] writing top-level names to ../../build/mypkg/mypkg.egg-info/top_level.txt
[0.729s] reading manifest file '../../build/mypkg/mypkg.egg-info/SOURCES.txt'
[0.730s] writing manifest file '../../build/mypkg/mypkg.egg-info/SOURCES.txt'
[0.730s] running build
[0.731s] running build_py
[0.731s] copying mypkg/talker.py -> /home/haru/test2/ros2_ws/build/mypkg/build/lib/mypkg
[0.731s] running install
[0.732s] running install_lib
[0.733s] copying /home/haru/test2/ros2_ws/build/mypkg/build/lib/mypkg/talker.py -> /home/haru/test2/ros2_ws/install/mypkg/lib/python3.8/site-packages/mypkg
[0.733s] byte-compiling /home/haru/test2/ros2_ws/install/mypkg/lib/python3.8/site-packages/mypkg/talker.py to talker.cpython-38.pyc
[0.735s] running install_data
[0.736s] running install_egg_info
[0.737s] removing '/home/haru/test2/ros2_ws/install/mypkg/lib/python3.8/site-packages/mypkg-0.0.0-py3.8.egg-info' (and everything under it)
[0.738s] Copying ../../build/mypkg/mypkg.egg-info to /home/haru/test2/ros2_ws/install/mypkg/lib/python3.8/site-packages/mypkg-0.0.0-py3.8.egg-info
[0.739s] running install_scripts
[0.754s] Installing talker script to /home/haru/test2/ros2_ws/install/mypkg/lib/mypkg
[0.755s] writing list of installed files to '/home/haru/test2/ros2_ws/build/mypkg/install.log'
[0.773s] Invoked command in '/home/haru/test2/ros2_ws/src/mypkg' returned '0': PYTHONPATH=/home/haru/test2/ros2_ws/build/mypkg/prefix_override:/usr/lib/python3/dist-packages/colcon_core/task/python/colcon_distutils_commands:/home/haru/test2/ros2_ws/install/mypkg/lib/python3.8/site-packages:${PYTHONPATH} /usr/bin/python3 -W ignore:setup.py install is deprecated setup.py egg_info --egg-base ../../build/mypkg build --build-base /home/haru/test2/ros2_ws/build/mypkg/build install --record /home/haru/test2/ros2_ws/build/mypkg/install.log --install-scripts $base/lib/mypkg --single-version-externally-managed install_data
