[0.709s] Invoking command in '/home/haru/test2/ros2_ws/src/mypkg': PYTHONPATH=/home/haru/test2/ros2_ws/build/mypkg/prefix_override:/usr/lib/python3/dist-packages/colcon_core/task/python/colcon_distutils_commands:/home/haru/test2/ros2_ws/install/mypkg/lib/python3.8/site-packages:${PYTHONPATH} /usr/bin/python3 -W ignore:setup.py install is deprecated setup.py egg_info --egg-base ../../build/mypkg build --build-base /home/haru/test2/ros2_ws/build/mypkg/build install --record /home/haru/test2/ros2_ws/build/mypkg/install.log --install-scripts $base/lib/mypkg --single-version-externally-managed install_data
[0.888s] running egg_info
[0.888s] writing ../../build/mypkg/mypkg.egg-info/PKG-INFO
[0.898s] writing dependency_links to ../../build/mypkg/mypkg.egg-info/dependency_links.txt
[0.898s] writing entry points to ../../build/mypkg/mypkg.egg-info/entry_points.txt
[0.898s] writing requirements to ../../build/mypkg/mypkg.egg-info/requires.txt
[0.898s] writing top-level names to ../../build/mypkg/mypkg.egg-info/top_level.txt
[0.935s] reading manifest file '../../build/mypkg/mypkg.egg-info/SOURCES.txt'
[0.936s] writing manifest file '../../build/mypkg/mypkg.egg-info/SOURCES.txt'
[0.936s] running build
[0.936s] running build_py
[0.938s] copying mypkg/listener.py -> /home/haru/test2/ros2_ws/build/mypkg/build/lib/mypkg
[0.938s] running install
[0.939s] running install_lib
[0.940s] copying /home/haru/test2/ros2_ws/build/mypkg/build/lib/mypkg/listener.py -> /home/haru/test2/ros2_ws/install/mypkg/lib/python3.8/site-packages/mypkg
[0.942s] byte-compiling /home/haru/test2/ros2_ws/install/mypkg/lib/python3.8/site-packages/mypkg/listener.py to listener.cpython-38.pyc
[0.943s] running install_data
[0.944s] running install_egg_info
[0.945s] removing '/home/haru/test2/ros2_ws/install/mypkg/lib/python3.8/site-packages/mypkg-0.0.0-py3.8.egg-info' (and everything under it)
[0.945s] Copying ../../build/mypkg/mypkg.egg-info to /home/haru/test2/ros2_ws/install/mypkg/lib/python3.8/site-packages/mypkg-0.0.0-py3.8.egg-info
[0.947s] running install_scripts
[0.962s] Installing talker script to /home/haru/test2/ros2_ws/install/mypkg/lib/mypkg
[0.962s] writing list of installed files to '/home/haru/test2/ros2_ws/build/mypkg/install.log'
[0.981s] Invoked command in '/home/haru/test2/ros2_ws/src/mypkg' returned '0': PYTHONPATH=/home/haru/test2/ros2_ws/build/mypkg/prefix_override:/usr/lib/python3/dist-packages/colcon_core/task/python/colcon_distutils_commands:/home/haru/test2/ros2_ws/install/mypkg/lib/python3.8/site-packages:${PYTHONPATH} /usr/bin/python3 -W ignore:setup.py install is deprecated setup.py egg_info --egg-base ../../build/mypkg build --build-base /home/haru/test2/ros2_ws/build/mypkg/build install --record /home/haru/test2/ros2_ws/build/mypkg/install.log --install-scripts $base/lib/mypkg --single-version-externally-managed install_data
