[0.807s] DEBUG:colcon:Command line arguments: ['/usr/bin/colcon', 'build']
[0.807s] DEBUG:colcon:Parsed command line arguments: Namespace(allow_overriding=[], ament_cmake_args=None, base_paths=['.'], build_base='build', catkin_cmake_args=None, catkin_skip_building_tests=False, cmake_args=None, cmake_clean_cache=False, cmake_clean_first=False, cmake_force_configure=False, cmake_target=None, cmake_target_skip_unavailable=False, continue_on_error=False, event_handlers=None, executor='parallel', ignore_user_meta=False, install_base='install', log_base=None, log_level=None, main=<bound method BuildVerb.main of <colcon_core.verb.build.BuildVerb object at 0x7f650ac22460>>, merge_install=False, metas=['./colcon.meta'], packages_above=None, packages_above_and_dependencies=None, packages_above_depth=None, packages_end=None, packages_ignore=None, packages_ignore_regex=None, packages_select=None, packages_select_build_failed=False, packages_select_by_dep=None, packages_select_regex=None, packages_select_test_failures=False, packages_skip=None, packages_skip_build_finished=False, packages_skip_by_dep=None, packages_skip_regex=None, packages_skip_test_passed=False, packages_skip_up_to=None, packages_start=None, packages_up_to=None, packages_up_to_regex=None, parallel_workers=8, paths=None, symlink_install=False, test_result_base=None, verb_extension=<colcon_core.verb.build.BuildVerb object at 0x7f650ac22460>, verb_name='build', verb_parser=<colcon_defaults.argument_parser.defaults.DefaultArgumentsDecorator object at 0x7f650ac22970>)
[1.111s] Level 1:colcon.colcon_core.package_discovery:discover_packages(colcon_meta) check parameters
[1.111s] Level 1:colcon.colcon_core.package_discovery:discover_packages(recursive) check parameters
[1.111s] Level 1:colcon.colcon_core.package_discovery:discover_packages(ignore) check parameters
[1.111s] Level 1:colcon.colcon_core.package_discovery:discover_packages(path) check parameters
[1.111s] Level 1:colcon.colcon_core.package_discovery:discover_packages(colcon_meta) discover
[1.111s] Level 1:colcon.colcon_core.package_discovery:discover_packages(recursive) discover
[1.111s] INFO:colcon.colcon_core.package_discovery:Crawling recursively for packages in '/home/haru/test2/ros2_ws'
[1.112s] Level 1:colcon.colcon_core.package_identification:_identify(.) by extensions ['ignore', 'ignore_ament_install']
[1.112s] Level 1:colcon.colcon_core.package_identification:_identify(.) by extension 'ignore'
[1.112s] Level 1:colcon.colcon_core.package_identification:_identify(.) by extension 'ignore_ament_install'
[1.112s] Level 1:colcon.colcon_core.package_identification:_identify(.) by extensions ['colcon_pkg']
[1.112s] Level 1:colcon.colcon_core.package_identification:_identify(.) by extension 'colcon_pkg'
[1.112s] Level 1:colcon.colcon_core.package_identification:_identify(.) by extensions ['colcon_meta']
[1.112s] Level 1:colcon.colcon_core.package_identification:_identify(.) by extension 'colcon_meta'
[1.112s] Level 1:colcon.colcon_core.package_identification:_identify(.) by extensions ['ros']
[1.112s] Level 1:colcon.colcon_core.package_identification:_identify(.) by extension 'ros'
[1.130s] Level 1:colcon.colcon_core.package_identification:_identify(.) by extensions ['cmake', 'python']
[1.130s] Level 1:colcon.colcon_core.package_identification:_identify(.) by extension 'cmake'
[1.130s] Level 1:colcon.colcon_core.package_identification:_identify(.) by extension 'python'
[1.130s] Level 1:colcon.colcon_core.package_identification:_identify(.) by extensions ['python_setup_py']
[1.130s] Level 1:colcon.colcon_core.package_identification:_identify(.) by extension 'python_setup_py'
[1.131s] Level 1:colcon.colcon_core.package_identification:_identify(build) by extensions ['ignore', 'ignore_ament_install']
[1.131s] Level 1:colcon.colcon_core.package_identification:_identify(build) by extension 'ignore'
[1.131s] Level 1:colcon.colcon_core.package_identification:_identify(build) ignored
[1.132s] Level 1:colcon.colcon_core.package_identification:_identify(install) by extensions ['ignore', 'ignore_ament_install']
[1.132s] Level 1:colcon.colcon_core.package_identification:_identify(install) by extension 'ignore'
[1.132s] Level 1:colcon.colcon_core.package_identification:_identify(install) ignored
[1.132s] Level 1:colcon.colcon_core.package_identification:_identify(log) by extensions ['ignore', 'ignore_ament_install']
[1.132s] Level 1:colcon.colcon_core.package_identification:_identify(log) by extension 'ignore'
[1.132s] Level 1:colcon.colcon_core.package_identification:_identify(log) ignored
[1.132s] Level 1:colcon.colcon_core.package_identification:_identify(src) by extensions ['ignore', 'ignore_ament_install']
[1.132s] Level 1:colcon.colcon_core.package_identification:_identify(src) by extension 'ignore'
[1.132s] Level 1:colcon.colcon_core.package_identification:_identify(src) by extension 'ignore_ament_install'
[1.132s] Level 1:colcon.colcon_core.package_identification:_identify(src) by extensions ['colcon_pkg']
[1.132s] Level 1:colcon.colcon_core.package_identification:_identify(src) by extension 'colcon_pkg'
[1.133s] Level 1:colcon.colcon_core.package_identification:_identify(src) by extensions ['colcon_meta']
[1.133s] Level 1:colcon.colcon_core.package_identification:_identify(src) by extension 'colcon_meta'
[1.133s] Level 1:colcon.colcon_core.package_identification:_identify(src) by extensions ['ros']
[1.133s] Level 1:colcon.colcon_core.package_identification:_identify(src) by extension 'ros'
[1.133s] Level 1:colcon.colcon_core.package_identification:_identify(src) by extensions ['cmake', 'python']
[1.133s] Level 1:colcon.colcon_core.package_identification:_identify(src) by extension 'cmake'
[1.133s] Level 1:colcon.colcon_core.package_identification:_identify(src) by extension 'python'
[1.133s] Level 1:colcon.colcon_core.package_identification:_identify(src) by extensions ['python_setup_py']
[1.133s] Level 1:colcon.colcon_core.package_identification:_identify(src) by extension 'python_setup_py'
[1.133s] Level 1:colcon.colcon_core.package_identification:_identify(src/mypkg) by extensions ['ignore', 'ignore_ament_install']
[1.133s] Level 1:colcon.colcon_core.package_identification:_identify(src/mypkg) by extension 'ignore'
[1.133s] Level 1:colcon.colcon_core.package_identification:_identify(src/mypkg) by extension 'ignore_ament_install'
[1.133s] Level 1:colcon.colcon_core.package_identification:_identify(src/mypkg) by extensions ['colcon_pkg']
[1.133s] Level 1:colcon.colcon_core.package_identification:_identify(src/mypkg) by extension 'colcon_pkg'
[1.133s] Level 1:colcon.colcon_core.package_identification:_identify(src/mypkg) by extensions ['colcon_meta']
[1.133s] Level 1:colcon.colcon_core.package_identification:_identify(src/mypkg) by extension 'colcon_meta'
[1.133s] Level 1:colcon.colcon_core.package_identification:_identify(src/mypkg) by extensions ['ros']
[1.133s] Level 1:colcon.colcon_core.package_identification:_identify(src/mypkg) by extension 'ros'
[1.138s] DEBUG:colcon.colcon_core.package_identification:Package 'src/mypkg' with type 'ros.ament_python' and name 'mypkg'
[1.138s] Level 1:colcon.colcon_core.package_identification:_identify(src/person_msgs) by extensions ['ignore', 'ignore_ament_install']
[1.138s] Level 1:colcon.colcon_core.package_identification:_identify(src/person_msgs) by extension 'ignore'
[1.138s] Level 1:colcon.colcon_core.package_identification:_identify(src/person_msgs) by extension 'ignore_ament_install'
[1.138s] Level 1:colcon.colcon_core.package_identification:_identify(src/person_msgs) by extensions ['colcon_pkg']
[1.138s] Level 1:colcon.colcon_core.package_identification:_identify(src/person_msgs) by extension 'colcon_pkg'
[1.138s] Level 1:colcon.colcon_core.package_identification:_identify(src/person_msgs) by extensions ['colcon_meta']
[1.139s] Level 1:colcon.colcon_core.package_identification:_identify(src/person_msgs) by extension 'colcon_meta'
[1.139s] Level 1:colcon.colcon_core.package_identification:_identify(src/person_msgs) by extensions ['ros']
[1.139s] Level 1:colcon.colcon_core.package_identification:_identify(src/person_msgs) by extension 'ros'
[1.140s] DEBUG:colcon.colcon_core.package_identification:Package 'src/person_msgs' with type 'ros.ament_cmake' and name 'person_msgs'
[1.140s] Level 1:colcon.colcon_core.package_discovery:discover_packages(recursive) using defaults
[1.140s] Level 1:colcon.colcon_core.package_discovery:discover_packages(ignore) discover
[1.140s] Level 1:colcon.colcon_core.package_discovery:discover_packages(ignore) using defaults
[1.140s] Level 1:colcon.colcon_core.package_discovery:discover_packages(path) discover
[1.140s] Level 1:colcon.colcon_core.package_discovery:discover_packages(path) using defaults
[1.173s] Level 1:colcon.colcon_core.package_discovery:discover_packages(prefix_path) check parameters
[1.173s] Level 1:colcon.colcon_core.package_discovery:discover_packages(prefix_path) discover
[1.179s] DEBUG:colcon.colcon_installed_package_information.package_discovery:Found 2 installed packages in /home/haru/test2/ros2_ws/install
[1.181s] DEBUG:colcon.colcon_installed_package_information.package_discovery:Found 256 installed packages in /opt/ros/foxy
[1.183s] Level 1:colcon.colcon_core.package_discovery:discover_packages(prefix_path) using defaults
[1.366s] Level 5:colcon.colcon_core.verb:set package 'mypkg' build argument 'cmake_args' from command line to 'None'
[1.366s] Level 5:colcon.colcon_core.verb:set package 'mypkg' build argument 'cmake_target' from command line to 'None'
[1.366s] Level 5:colcon.colcon_core.verb:set package 'mypkg' build argument 'cmake_target_skip_unavailable' from command line to 'False'
[1.366s] Level 5:colcon.colcon_core.verb:set package 'mypkg' build argument 'cmake_clean_cache' from command line to 'False'
[1.366s] Level 5:colcon.colcon_core.verb:set package 'mypkg' build argument 'cmake_clean_first' from command line to 'False'
[1.366s] Level 5:colcon.colcon_core.verb:set package 'mypkg' build argument 'cmake_force_configure' from command line to 'False'
[1.366s] Level 5:colcon.colcon_core.verb:set package 'mypkg' build argument 'ament_cmake_args' from command line to 'None'
[1.366s] Level 5:colcon.colcon_core.verb:set package 'mypkg' build argument 'catkin_cmake_args' from command line to 'None'
[1.366s] Level 5:colcon.colcon_core.verb:set package 'mypkg' build argument 'catkin_skip_building_tests' from command line to 'False'
[1.366s] DEBUG:colcon.colcon_core.verb:Building package 'mypkg' with the following arguments: {'ament_cmake_args': None, 'build_base': '/home/haru/test2/ros2_ws/build/mypkg', 'catkin_cmake_args': None, 'catkin_skip_building_tests': False, 'cmake_args': None, 'cmake_clean_cache': False, 'cmake_clean_first': False, 'cmake_force_configure': False, 'cmake_target': None, 'cmake_target_skip_unavailable': False, 'install_base': '/home/haru/test2/ros2_ws/install/mypkg', 'merge_install': False, 'path': '/home/haru/test2/ros2_ws/src/mypkg', 'symlink_install': False, 'test_result_base': None}
[1.367s] Level 5:colcon.colcon_core.verb:set package 'person_msgs' build argument 'cmake_args' from command line to 'None'
[1.367s] Level 5:colcon.colcon_core.verb:set package 'person_msgs' build argument 'cmake_target' from command line to 'None'
[1.367s] Level 5:colcon.colcon_core.verb:set package 'person_msgs' build argument 'cmake_target_skip_unavailable' from command line to 'False'
[1.367s] Level 5:colcon.colcon_core.verb:set package 'person_msgs' build argument 'cmake_clean_cache' from command line to 'False'
[1.367s] Level 5:colcon.colcon_core.verb:set package 'person_msgs' build argument 'cmake_clean_first' from command line to 'False'
[1.367s] Level 5:colcon.colcon_core.verb:set package 'person_msgs' build argument 'cmake_force_configure' from command line to 'False'
[1.367s] Level 5:colcon.colcon_core.verb:set package 'person_msgs' build argument 'ament_cmake_args' from command line to 'None'
[1.367s] Level 5:colcon.colcon_core.verb:set package 'person_msgs' build argument 'catkin_cmake_args' from command line to 'None'
[1.367s] Level 5:colcon.colcon_core.verb:set package 'person_msgs' build argument 'catkin_skip_building_tests' from command line to 'False'
[1.367s] DEBUG:colcon.colcon_core.verb:Building package 'person_msgs' with the following arguments: {'ament_cmake_args': None, 'build_base': '/home/haru/test2/ros2_ws/build/person_msgs', 'catkin_cmake_args': None, 'catkin_skip_building_tests': False, 'cmake_args': None, 'cmake_clean_cache': False, 'cmake_clean_first': False, 'cmake_force_configure': False, 'cmake_target': None, 'cmake_target_skip_unavailable': False, 'install_base': '/home/haru/test2/ros2_ws/install/person_msgs', 'merge_install': False, 'path': '/home/haru/test2/ros2_ws/src/person_msgs', 'symlink_install': False, 'test_result_base': None}
[1.367s] INFO:colcon.colcon_core.executor:Executing jobs using 'parallel' executor
[1.368s] DEBUG:colcon.colcon_parallel_executor.executor.parallel:run_until_complete
[1.369s] INFO:colcon.colcon_ros.task.ament_python.build:Building ROS package in '/home/haru/test2/ros2_ws/src/mypkg' with build type 'ament_python'
[1.369s] Level 1:colcon.colcon_core.shell:create_environment_hook('mypkg', 'ament_prefix_path')
[1.376s] INFO:colcon.colcon_core.plugin_system:Skipping extension 'colcon_core.shell.bat': Not used on non-Windows systems
[1.376s] INFO:colcon.colcon_core.shell:Creating environment hook '/home/haru/test2/ros2_ws/install/mypkg/share/mypkg/hook/ament_prefix_path.ps1'
[1.377s] INFO:colcon.colcon_core.shell:Creating environment descriptor '/home/haru/test2/ros2_ws/install/mypkg/share/mypkg/hook/ament_prefix_path.dsv'
[1.378s] INFO:colcon.colcon_core.shell:Creating environment hook '/home/haru/test2/ros2_ws/install/mypkg/share/mypkg/hook/ament_prefix_path.sh'
[1.379s] INFO:colcon.colcon_core.shell:Skip shell extension 'powershell' for command environment: Not usable outside of PowerShell
[1.379s] DEBUG:colcon.colcon_core.shell:Skip shell extension 'dsv' for command environment
[1.385s] INFO:colcon.colcon_ros.task.ament_cmake.build:Building ROS package in '/home/haru/test2/ros2_ws/src/person_msgs' with build type 'ament_cmake'
[1.386s] INFO:colcon.colcon_cmake.task.cmake.build:Building CMake package in '/home/haru/test2/ros2_ws/src/person_msgs'
[1.386s] INFO:colcon.colcon_core.shell:Skip shell extension 'powershell' for command environment: Not usable outside of PowerShell
[1.386s] DEBUG:colcon.colcon_core.shell:Skip shell extension 'dsv' for command environment
[1.602s] INFO:colcon.colcon_core.task.python.build:Building Python package in '/home/haru/test2/ros2_ws/src/mypkg'
[1.603s] INFO:colcon.colcon_core.shell:Skip shell extension 'powershell' for command environment: Not usable outside of PowerShell
[1.603s] DEBUG:colcon.colcon_core.shell:Skip shell extension 'dsv' for command environment
[1.614s] DEBUG:colcon.colcon_core.event_handler.log_command:Invoking command in '/home/haru/test2/ros2_ws/build/person_msgs': CMAKE_PREFIX_PATH=${CMAKE_PREFIX_PATH}:/home/haru/test2/ros2_ws/install/mypkg:/opt/ros/foxy /usr/bin/cmake --build /home/haru/test2/ros2_ws/build/person_msgs -- -j8 -l8
[2.093s] DEBUG:colcon.colcon_core.event_handler.log_command:Invoking command in '/home/haru/test2/ros2_ws/src/mypkg': PYTHONPATH=/home/haru/test2/ros2_ws/build/mypkg/prefix_override:/usr/lib/python3/dist-packages/colcon_core/task/python/colcon_distutils_commands:/home/haru/test2/ros2_ws/install/mypkg/lib/python3.8/site-packages:${PYTHONPATH} /usr/bin/python3 -W ignore:setup.py install is deprecated setup.py egg_info --egg-base ../../build/mypkg build --build-base /home/haru/test2/ros2_ws/build/mypkg/build install --record /home/haru/test2/ros2_ws/build/mypkg/install.log --install-scripts $base/lib/mypkg --single-version-externally-managed install_data
[2.417s] DEBUG:colcon.colcon_core.event_handler.log_command:Invoked command in '/home/haru/test2/ros2_ws/src/mypkg' returned '0': PYTHONPATH=/home/haru/test2/ros2_ws/build/mypkg/prefix_override:/usr/lib/python3/dist-packages/colcon_core/task/python/colcon_distutils_commands:/home/haru/test2/ros2_ws/install/mypkg/lib/python3.8/site-packages:${PYTHONPATH} /usr/bin/python3 -W ignore:setup.py install is deprecated setup.py egg_info --egg-base ../../build/mypkg build --build-base /home/haru/test2/ros2_ws/build/mypkg/build install --record /home/haru/test2/ros2_ws/build/mypkg/install.log --install-scripts $base/lib/mypkg --single-version-externally-managed install_data
[2.424s] Level 1:colcon.colcon_core.environment:checking '/home/haru/test2/ros2_ws/install/mypkg' for CMake module files
[2.425s] Level 1:colcon.colcon_core.environment:checking '/home/haru/test2/ros2_ws/install/mypkg' for CMake config files
[2.427s] Level 1:colcon.colcon_core.environment:checking '/home/haru/test2/ros2_ws/install/mypkg/lib'
[2.427s] Level 1:colcon.colcon_core.environment:checking '/home/haru/test2/ros2_ws/install/mypkg/bin'
[2.427s] Level 1:colcon.colcon_core.environment:checking '/home/haru/test2/ros2_ws/install/mypkg/lib/pkgconfig/mypkg.pc'
[2.428s] Level 1:colcon.colcon_core.environment:checking '/home/haru/test2/ros2_ws/install/mypkg/lib/python3.8/site-packages'
[2.428s] Level 1:colcon.colcon_core.shell:create_environment_hook('mypkg', 'pythonpath')
[2.428s] INFO:colcon.colcon_core.shell:Creating environment hook '/home/haru/test2/ros2_ws/install/mypkg/share/mypkg/hook/pythonpath.ps1'
[2.429s] INFO:colcon.colcon_core.shell:Creating environment descriptor '/home/haru/test2/ros2_ws/install/mypkg/share/mypkg/hook/pythonpath.dsv'
[2.429s] INFO:colcon.colcon_core.shell:Creating environment hook '/home/haru/test2/ros2_ws/install/mypkg/share/mypkg/hook/pythonpath.sh'
[2.430s] Level 1:colcon.colcon_core.environment:checking '/home/haru/test2/ros2_ws/install/mypkg/bin'
[2.430s] Level 1:colcon.colcon_core.environment:create_environment_scripts_only(mypkg)
[2.430s] INFO:colcon.colcon_core.shell:Creating package script '/home/haru/test2/ros2_ws/install/mypkg/share/mypkg/package.ps1'
[2.431s] INFO:colcon.colcon_core.shell:Creating package descriptor '/home/haru/test2/ros2_ws/install/mypkg/share/mypkg/package.dsv'
[2.432s] INFO:colcon.colcon_core.shell:Creating package script '/home/haru/test2/ros2_ws/install/mypkg/share/mypkg/package.sh'
[2.433s] INFO:colcon.colcon_core.shell:Creating package script '/home/haru/test2/ros2_ws/install/mypkg/share/mypkg/package.bash'
[2.434s] INFO:colcon.colcon_core.shell:Creating package script '/home/haru/test2/ros2_ws/install/mypkg/share/mypkg/package.zsh'
[2.436s] Level 1:colcon.colcon_core.environment:create_file_with_runtime_dependencies(/home/haru/test2/ros2_ws/install/mypkg/share/colcon-core/packages/mypkg)
[19.440s] DEBUG:colcon.colcon_core.event_handler.log_command:Invoked command in '/home/haru/test2/ros2_ws/build/person_msgs' returned '0': CMAKE_PREFIX_PATH=${CMAKE_PREFIX_PATH}:/home/haru/test2/ros2_ws/install/mypkg:/opt/ros/foxy /usr/bin/cmake --build /home/haru/test2/ros2_ws/build/person_msgs -- -j8 -l8
[19.515s] DEBUG:colcon.colcon_core.event_handler.log_command:Invoking command in '/home/haru/test2/ros2_ws/build/person_msgs': CMAKE_PREFIX_PATH=${CMAKE_PREFIX_PATH}:/home/haru/test2/ros2_ws/install/mypkg:/opt/ros/foxy /usr/bin/cmake --install /home/haru/test2/ros2_ws/build/person_msgs
[19.586s] Level 1:colcon.colcon_core.environment:create_environment_scripts_only(person_msgs)
[19.586s] DEBUG:colcon.colcon_core.event_handler.log_command:Invoked command in '/home/haru/test2/ros2_ws/build/person_msgs' returned '0': CMAKE_PREFIX_PATH=${CMAKE_PREFIX_PATH}:/home/haru/test2/ros2_ws/install/mypkg:/opt/ros/foxy /usr/bin/cmake --install /home/haru/test2/ros2_ws/build/person_msgs
[19.587s] Level 1:colcon.colcon_core.environment:checking '/home/haru/test2/ros2_ws/install/person_msgs' for CMake module files
[19.588s] Level 1:colcon.colcon_core.environment:checking '/home/haru/test2/ros2_ws/install/person_msgs' for CMake config files
[19.589s] Level 1:colcon.colcon_core.shell:create_environment_hook('person_msgs', 'cmake_prefix_path')
[19.589s] INFO:colcon.colcon_core.shell:Creating environment hook '/home/haru/test2/ros2_ws/install/person_msgs/share/person_msgs/hook/cmake_prefix_path.ps1'
[19.590s] INFO:colcon.colcon_core.shell:Creating environment descriptor '/home/haru/test2/ros2_ws/install/person_msgs/share/person_msgs/hook/cmake_prefix_path.dsv'
[19.590s] INFO:colcon.colcon_core.shell:Creating environment hook '/home/haru/test2/ros2_ws/install/person_msgs/share/person_msgs/hook/cmake_prefix_path.sh'
[19.591s] Level 1:colcon.colcon_core.environment:checking '/home/haru/test2/ros2_ws/install/person_msgs/lib'
[19.591s] Level 1:colcon.colcon_core.shell:create_environment_hook('person_msgs', 'ld_library_path_lib')
[19.591s] INFO:colcon.colcon_core.shell:Creating environment hook '/home/haru/test2/ros2_ws/install/person_msgs/share/person_msgs/hook/ld_library_path_lib.ps1'
[19.591s] INFO:colcon.colcon_core.shell:Creating environment descriptor '/home/haru/test2/ros2_ws/install/person_msgs/share/person_msgs/hook/ld_library_path_lib.dsv'
[19.592s] INFO:colcon.colcon_core.shell:Creating environment hook '/home/haru/test2/ros2_ws/install/person_msgs/share/person_msgs/hook/ld_library_path_lib.sh'
[19.592s] Level 1:colcon.colcon_core.environment:checking '/home/haru/test2/ros2_ws/install/person_msgs/bin'
[19.592s] Level 1:colcon.colcon_core.environment:checking '/home/haru/test2/ros2_ws/install/person_msgs/lib/pkgconfig/person_msgs.pc'
[19.592s] Level 1:colcon.colcon_core.environment:checking '/home/haru/test2/ros2_ws/install/person_msgs/lib/python3.8/site-packages'
[19.592s] Level 1:colcon.colcon_core.shell:create_environment_hook('person_msgs', 'pythonpath')
[19.593s] INFO:colcon.colcon_core.shell:Creating environment hook '/home/haru/test2/ros2_ws/install/person_msgs/share/person_msgs/hook/pythonpath.ps1'
[19.593s] INFO:colcon.colcon_core.shell:Creating environment descriptor '/home/haru/test2/ros2_ws/install/person_msgs/share/person_msgs/hook/pythonpath.dsv'
[19.593s] INFO:colcon.colcon_core.shell:Creating environment hook '/home/haru/test2/ros2_ws/install/person_msgs/share/person_msgs/hook/pythonpath.sh'
[19.593s] Level 1:colcon.colcon_core.environment:checking '/home/haru/test2/ros2_ws/install/person_msgs/bin'
[19.594s] INFO:colcon.colcon_core.shell:Creating package script '/home/haru/test2/ros2_ws/install/person_msgs/share/person_msgs/package.ps1'
[19.594s] INFO:colcon.colcon_core.shell:Creating package descriptor '/home/haru/test2/ros2_ws/install/person_msgs/share/person_msgs/package.dsv'
[19.595s] INFO:colcon.colcon_core.shell:Creating package script '/home/haru/test2/ros2_ws/install/person_msgs/share/person_msgs/package.sh'
[19.595s] INFO:colcon.colcon_core.shell:Creating package script '/home/haru/test2/ros2_ws/install/person_msgs/share/person_msgs/package.bash'
[19.595s] INFO:colcon.colcon_core.shell:Creating package script '/home/haru/test2/ros2_ws/install/person_msgs/share/person_msgs/package.zsh'
[19.596s] Level 1:colcon.colcon_core.environment:create_file_with_runtime_dependencies(/home/haru/test2/ros2_ws/install/person_msgs/share/colcon-core/packages/person_msgs)
[19.656s] Level 1:colcon.colcon_core.environment:create_environment_scripts_only(person_msgs)
[19.656s] Level 1:colcon.colcon_core.environment:checking '/home/haru/test2/ros2_ws/install/person_msgs' for CMake module files
[19.657s] Level 1:colcon.colcon_core.environment:checking '/home/haru/test2/ros2_ws/install/person_msgs' for CMake config files
[19.657s] Level 1:colcon.colcon_core.shell:create_environment_hook('person_msgs', 'cmake_prefix_path')
[19.657s] INFO:colcon.colcon_core.shell:Creating environment hook '/home/haru/test2/ros2_ws/install/person_msgs/share/person_msgs/hook/cmake_prefix_path.ps1'
[19.658s] INFO:colcon.colcon_core.shell:Creating environment descriptor '/home/haru/test2/ros2_ws/install/person_msgs/share/person_msgs/hook/cmake_prefix_path.dsv'
[19.658s] INFO:colcon.colcon_core.shell:Creating environment hook '/home/haru/test2/ros2_ws/install/person_msgs/share/person_msgs/hook/cmake_prefix_path.sh'
[19.658s] Level 1:colcon.colcon_core.environment:checking '/home/haru/test2/ros2_ws/install/person_msgs/lib'
[19.658s] Level 1:colcon.colcon_core.shell:create_environment_hook('person_msgs', 'ld_library_path_lib')
[19.659s] INFO:colcon.colcon_core.shell:Creating environment hook '/home/haru/test2/ros2_ws/install/person_msgs/share/person_msgs/hook/ld_library_path_lib.ps1'
[19.659s] INFO:colcon.colcon_core.shell:Creating environment descriptor '/home/haru/test2/ros2_ws/install/person_msgs/share/person_msgs/hook/ld_library_path_lib.dsv'
[19.659s] INFO:colcon.colcon_core.shell:Creating environment hook '/home/haru/test2/ros2_ws/install/person_msgs/share/person_msgs/hook/ld_library_path_lib.sh'
[19.660s] Level 1:colcon.colcon_core.environment:checking '/home/haru/test2/ros2_ws/install/person_msgs/bin'
[19.660s] Level 1:colcon.colcon_core.environment:checking '/home/haru/test2/ros2_ws/install/person_msgs/lib/pkgconfig/person_msgs.pc'
[19.660s] Level 1:colcon.colcon_core.environment:checking '/home/haru/test2/ros2_ws/install/person_msgs/lib/python3.8/site-packages'
[19.660s] Level 1:colcon.colcon_core.shell:create_environment_hook('person_msgs', 'pythonpath')
[19.660s] INFO:colcon.colcon_core.shell:Creating environment hook '/home/haru/test2/ros2_ws/install/person_msgs/share/person_msgs/hook/pythonpath.ps1'
[19.660s] INFO:colcon.colcon_core.shell:Creating environment descriptor '/home/haru/test2/ros2_ws/install/person_msgs/share/person_msgs/hook/pythonpath.dsv'
[19.661s] INFO:colcon.colcon_core.shell:Creating environment hook '/home/haru/test2/ros2_ws/install/person_msgs/share/person_msgs/hook/pythonpath.sh'
[19.661s] Level 1:colcon.colcon_core.environment:checking '/home/haru/test2/ros2_ws/install/person_msgs/bin'
[19.661s] INFO:colcon.colcon_core.shell:Creating package script '/home/haru/test2/ros2_ws/install/person_msgs/share/person_msgs/package.ps1'
[19.662s] INFO:colcon.colcon_core.shell:Creating package descriptor '/home/haru/test2/ros2_ws/install/person_msgs/share/person_msgs/package.dsv'
[19.662s] INFO:colcon.colcon_core.shell:Creating package script '/home/haru/test2/ros2_ws/install/person_msgs/share/person_msgs/package.sh'
[19.663s] INFO:colcon.colcon_core.shell:Creating package script '/home/haru/test2/ros2_ws/install/person_msgs/share/person_msgs/package.bash'
[19.663s] INFO:colcon.colcon_core.shell:Creating package script '/home/haru/test2/ros2_ws/install/person_msgs/share/person_msgs/package.zsh'
[19.664s] Level 1:colcon.colcon_core.environment:create_file_with_runtime_dependencies(/home/haru/test2/ros2_ws/install/person_msgs/share/colcon-core/packages/person_msgs)
[19.664s] DEBUG:colcon.colcon_parallel_executor.executor.parallel:closing loop
[19.664s] DEBUG:colcon.colcon_parallel_executor.executor.parallel:loop closed
[19.664s] DEBUG:colcon.colcon_parallel_executor.executor.parallel:run_until_complete finished with '0'
[19.664s] DEBUG:colcon.colcon_core.event_reactor:joining thread
[19.735s] INFO:colcon.colcon_core.plugin_system:Skipping extension 'colcon_notification.desktop_notification.notify_send': Could not find 'notify-send'
[19.736s] INFO:colcon.colcon_core.plugin_system:Skipping extension 'colcon_notification.desktop_notification.terminal_notifier': Not used on non-Darwin systems
[19.736s] INFO:colcon.colcon_core.plugin_system:Skipping extension 'colcon_notification.desktop_notification.win32': Not used on non-Windows systems
[19.736s] INFO:colcon.colcon_notification.desktop_notification:Sending desktop notification using 'notify2'
[19.748s] DEBUG:colcon.colcon_notification.desktop_notification.notify2:Failed to initialize notify2: org.freedesktop.DBus.Error.ServiceUnknown: The name org.freedesktop.Notifications was not provided by any .service files
[19.749s] DEBUG:colcon.colcon_core.event_reactor:joined thread
[19.749s] INFO:colcon.colcon_core.shell:Creating prefix script '/home/haru/test2/ros2_ws/install/local_setup.ps1'
[19.751s] INFO:colcon.colcon_core.shell:Creating prefix util module '/home/haru/test2/ros2_ws/install/_local_setup_util_ps1.py'
[19.753s] INFO:colcon.colcon_core.shell:Creating prefix chain script '/home/haru/test2/ros2_ws/install/setup.ps1'
[19.755s] INFO:colcon.colcon_core.shell:Creating prefix script '/home/haru/test2/ros2_ws/install/local_setup.sh'
[19.756s] INFO:colcon.colcon_core.shell:Creating prefix util module '/home/haru/test2/ros2_ws/install/_local_setup_util_sh.py'
[19.756s] INFO:colcon.colcon_core.shell:Creating prefix chain script '/home/haru/test2/ros2_ws/install/setup.sh'
[19.757s] INFO:colcon.colcon_core.shell:Creating prefix script '/home/haru/test2/ros2_ws/install/local_setup.bash'
[19.758s] INFO:colcon.colcon_core.shell:Creating prefix chain script '/home/haru/test2/ros2_ws/install/setup.bash'
[19.759s] INFO:colcon.colcon_core.shell:Creating prefix script '/home/haru/test2/ros2_ws/install/local_setup.zsh'
[19.760s] INFO:colcon.colcon_core.shell:Creating prefix chain script '/home/haru/test2/ros2_ws/install/setup.zsh'
