[0.653s] Invoking command in '/home/haru/test2/ros2_ws/src/mypkg': PYTHONPATH=/home/haru/test2/ros2_ws/build/mypkg/prefix_override:/usr/lib/python3/dist-packages/colcon_core/task/python/colcon_distutils_commands:/home/haru/test2/ros2_ws/install/mypkg/lib/python3.8/site-packages:${PYTHONPATH} /usr/bin/python3 -W ignore:setup.py install is deprecated setup.py egg_info --egg-base ../../build/mypkg build --build-base /home/haru/test2/ros2_ws/build/mypkg/build install --record /home/haru/test2/ros2_ws/build/mypkg/install.log --install-scripts $base/lib/mypkg --single-version-externally-managed install_data
[0.834s] running egg_info
[0.834s] writing ../../build/mypkg/mypkg.egg-info/PKG-INFO
[0.834s] writing dependency_links to ../../build/mypkg/mypkg.egg-info/dependency_links.txt
[0.835s] writing entry points to ../../build/mypkg/mypkg.egg-info/entry_points.txt
[0.836s] writing requirements to ../../build/mypkg/mypkg.egg-info/requires.txt
[0.836s] writing top-level names to ../../build/mypkg/mypkg.egg-info/top_level.txt
[0.877s] reading manifest file '../../build/mypkg/mypkg.egg-info/SOURCES.txt'
[0.878s] writing manifest file '../../build/mypkg/mypkg.egg-info/SOURCES.txt'
[0.878s] running build
[0.878s] running build_py
[0.879s] running install
[0.880s] running install_lib
[0.881s] running install_data
[0.882s] running install_egg_info
[0.883s] removing '/home/haru/test2/ros2_ws/install/mypkg/lib/python3.8/site-packages/mypkg-0.0.0-py3.8.egg-info' (and everything under it)
[0.883s] Copying ../../build/mypkg/mypkg.egg-info to /home/haru/test2/ros2_ws/install/mypkg/lib/python3.8/site-packages/mypkg-0.0.0-py3.8.egg-info
[0.885s] running install_scripts
[0.900s] Installing talker script to /home/haru/test2/ros2_ws/install/mypkg/lib/mypkg
[0.901s] writing list of installed files to '/home/haru/test2/ros2_ws/build/mypkg/install.log'
[0.920s] Invoked command in '/home/haru/test2/ros2_ws/src/mypkg' returned '0': PYTHONPATH=/home/haru/test2/ros2_ws/build/mypkg/prefix_override:/usr/lib/python3/dist-packages/colcon_core/task/python/colcon_distutils_commands:/home/haru/test2/ros2_ws/install/mypkg/lib/python3.8/site-packages:${PYTHONPATH} /usr/bin/python3 -W ignore:setup.py install is deprecated setup.py egg_info --egg-base ../../build/mypkg build --build-base /home/haru/test2/ros2_ws/build/mypkg/build install --record /home/haru/test2/ros2_ws/build/mypkg/install.log --install-scripts $base/lib/mypkg --single-version-externally-managed install_data
