[0.665s] Invoking command in '/home/haru/test2/ros2_ws/src/mypkg': PYTHONPATH=/home/haru/test2/ros2_ws/build/mypkg/prefix_override:/usr/lib/python3/dist-packages/colcon_core/task/python/colcon_distutils_commands:/home/haru/test2/ros2_ws/install/mypkg/lib/python3.8/site-packages:${PYTHONPATH} /usr/bin/python3 -W ignore:setup.py install is deprecated setup.py egg_info --egg-base ../../build/mypkg build --build-base /home/haru/test2/ros2_ws/build/mypkg/build install --record /home/haru/test2/ros2_ws/build/mypkg/install.log --install-scripts $base/lib/mypkg --single-version-externally-managed install_data
[0.838s] running egg_info
[0.838s] writing ../../build/mypkg/mypkg.egg-info/PKG-INFO
[0.839s] writing dependency_links to ../../build/mypkg/mypkg.egg-info/dependency_links.txt
[0.839s] writing entry points to ../../build/mypkg/mypkg.egg-info/entry_points.txt
[0.840s] writing requirements to ../../build/mypkg/mypkg.egg-info/requires.txt
[0.840s] writing top-level names to ../../build/mypkg/mypkg.egg-info/top_level.txt
[0.880s] reading manifest file '../../build/mypkg/mypkg.egg-info/SOURCES.txt'
[0.882s] writing manifest file '../../build/mypkg/mypkg.egg-info/SOURCES.txt'
[0.882s] running build
[0.882s] running build_py
[0.882s] running install
[0.883s] running install_lib
[0.885s] running install_data
[0.885s] running install_egg_info
[0.886s] removing '/home/haru/test2/ros2_ws/install/mypkg/lib/python3.8/site-packages/mypkg-0.0.0-py3.8.egg-info' (and everything under it)
[0.887s] Copying ../../build/mypkg/mypkg.egg-info to /home/haru/test2/ros2_ws/install/mypkg/lib/python3.8/site-packages/mypkg-0.0.0-py3.8.egg-info
[0.889s] running install_scripts
[0.904s] Installing talker script to /home/haru/test2/ros2_ws/install/mypkg/lib/mypkg
[0.904s] writing list of installed files to '/home/haru/test2/ros2_ws/build/mypkg/install.log'
[0.924s] Invoked command in '/home/haru/test2/ros2_ws/src/mypkg' returned '0': PYTHONPATH=/home/haru/test2/ros2_ws/build/mypkg/prefix_override:/usr/lib/python3/dist-packages/colcon_core/task/python/colcon_distutils_commands:/home/haru/test2/ros2_ws/install/mypkg/lib/python3.8/site-packages:${PYTHONPATH} /usr/bin/python3 -W ignore:setup.py install is deprecated setup.py egg_info --egg-base ../../build/mypkg build --build-base /home/haru/test2/ros2_ws/build/mypkg/build install --record /home/haru/test2/ros2_ws/build/mypkg/install.log --install-scripts $base/lib/mypkg --single-version-externally-managed install_data
